remark: D:/tool/vitis/Vitis_HLS/2022.2/common/technology/autopilot\ap_int_base.h:214:67: Inlining function 'ssdm_int<16, false>::ssdm_int(unsigned short)' into 'ap_int_base<16, false>::ap_int_base(int)'
remark: D:/tool/vitis/Vitis_HLS/2022.2/common/technology/autopilot\ap_int_base.h:1513:337: Inlining function 'ap_int_base<16, false>::ap_int_base(int)' into 'ap_int_base<16, false>::RType<8, false>::div operator/<16, false, 8, false>(ap_int_base<16, false> const&, ap_int_base<8, false> const&)'
remark: D:/tool/vitis/Vitis_HLS/2022.2/common/technology/autopilot\ap_int_base.h:214:67: Inlining function 'ssdm_int<32, true>::ssdm_int(int)' into 'ap_int_base<32, true>::ap_int_base(int)'
remark: D:/tool/vitis/Vitis_HLS/2022.2/common/technology/autopilot\ap_int_base.h:1788:520: Inlining function 'ap_int_base<32, true>::ap_int_base(int)' into 'bool operator<<16, false>(int, ap_int_base<16, false> const&)'
remark: D:/tool/vitis/Vitis_HLS/2022.2/common/technology/autopilot\ap_int_base.h:1788:558: Inlining function 'bool ap_int_base<32, true>::operator<<16, false>(ap_int_base<16, false> const&) const' into 'bool operator<<16, false>(int, ap_int_base<16, false> const&)'
remark: D:/tool/vitis/Vitis_HLS/2022.2/common/technology/autopilot\ap_int_base.h:1788:1853: Inlining function 'ap_int_base<32, true>::ap_int_base(int)' into 'bool operator==<2, false>(ap_int_base<2, false> const&, int)'
remark: D:/tool/vitis/Vitis_HLS/2022.2/common/technology/autopilot\ap_int_base.h:1788:1850: Inlining function 'bool ap_int_base<2, false>::operator==<32, true>(ap_int_base<32, true> const&) const' into 'bool operator==<2, false>(ap_int_base<2, false> const&, int)'
remark: D:/tool/vitis/Vitis_HLS/2022.2/common/technology/autopilot\ap_int_base.h:1788:520: Inlining function 'ap_int_base<32, true>::ap_int_base(int)' into 'bool operator<<8, false>(int, ap_int_base<8, false> const&)'
remark: D:/tool/vitis/Vitis_HLS/2022.2/common/technology/autopilot\ap_int_base.h:1788:558: Inlining function 'bool ap_int_base<32, true>::operator<<8, false>(ap_int_base<8, false> const&) const' into 'bool operator<<8, false>(int, ap_int_base<8, false> const&)'
remark: D:/tool/vitis/Vitis_HLS/2022.2/common/technology/autopilot\ap_int_base.h:185:106: Inlining function '_ZN8ssdm_intILi40ELb1EEC2EDq40_i' into 'ap_int_base<40, true>::ap_int_base<32, true>(ap_int_base<32, true> const&)'
remark: D:/tool/vitis/Vitis_HLS/2022.2/common/technology/autopilot\ap_int_base.h:185:106: Inlining function '_ZN8ssdm_intILi40ELb1EEC2EDq40_i' into 'ap_int_base<40, true>::ap_int_base<8, false>(ap_int_base<8, false> const&)'
remark: D:/tool/vitis/Vitis_HLS/2022.2/common/technology/autopilot\ap_int_base.h:214:67: Inlining function '_ZN8ssdm_intILi40ELb1EEC2EDq40_i' into 'ap_int_base<40, true>::ap_int_base(int)'
remark: D:/tool/vitis/Vitis_HLS/2022.2/common/technology/autopilot\ap_int_base.h:1494:339: Inlining function 'ap_int_base<40, true>::ap_int_base<32, true>(ap_int_base<32, true> const&)' into 'ap_int_base<32, true>::RType<8, false>::mult operator*<32, true, 8, false>(ap_int_base<32, true> const&, ap_int_base<8, false> const&)'
remark: D:/tool/vitis/Vitis_HLS/2022.2/common/technology/autopilot\ap_int_base.h:1494:516: Inlining function 'ap_int_base<40, true>::ap_int_base(int)' into 'ap_int_base<32, true>::RType<8, false>::mult operator*<32, true, 8, false>(ap_int_base<32, true> const&, ap_int_base<8, false> const&)'
remark: D:/tool/vitis/Vitis_HLS/2022.2/common/technology/autopilot\ap_int_base.h:1494:427: Inlining function 'ap_int_base<40, true>::ap_int_base<8, false>(ap_int_base<8, false> const&)' into 'ap_int_base<32, true>::RType<8, false>::mult operator*<32, true, 8, false>(ap_int_base<32, true> const&, ap_int_base<8, false> const&)'
remark: D:/tool/vitis/Vitis_HLS/2022.2/common/technology/autopilot\ap_int_base.h:1633:216: Inlining function 'ap_int_base<32, true>::ap_int_base(int)' into 'ap_int_base<8, false>::RType<($_0)32, true>::mult operator*<8, false>(int, ap_int_base<8, false> const&)'
remark: D:/tool/vitis/Vitis_HLS/2022.2/common/technology/autopilot\ap_int_base.h:1633:254: Inlining function 'ap_int_base<32, true>::RType<8, false>::mult operator*<32, true, 8, false>(ap_int_base<32, true> const&, ap_int_base<8, false> const&)' into 'ap_int_base<8, false>::RType<($_0)32, true>::mult operator*<8, false>(int, ap_int_base<8, false> const&)'
remark: D:/tool/vitis/Vitis_HLS/2022.2/common/technology/autopilot\ap_int_base.h:185:106: Inlining function '_ZN8ssdm_intILi41ELb1EEC2EDq41_i' into 'ap_int_base<41, true>::ap_int_base<40, true>(ap_int_base<40, true> const&)'
remark: D:/tool/vitis/Vitis_HLS/2022.2/common/technology/autopilot\ap_int_base.h:185:106: Inlining function '_ZN8ssdm_intILi41ELb1EEC2EDq41_i' into 'ap_int_base<41, true>::ap_int_base<32, true>(ap_int_base<32, true> const&)'
remark: D:/tool/vitis/Vitis_HLS/2022.2/common/technology/autopilot\ap_int_base.h:214:67: Inlining function '_ZN8ssdm_intILi41ELb1EEC2EDq41_i' into 'ap_int_base<41, true>::ap_int_base(int)'
remark: D:/tool/vitis/Vitis_HLS/2022.2/common/technology/autopilot\ap_int_base.h:1495:339: Inlining function 'ap_int_base<41, true>::ap_int_base<40, true>(ap_int_base<40, true> const&)' into 'ap_int_base<40, true>::RType<32, true>::plus operator+<40, true, 32, true>(ap_int_base<40, true> const&, ap_int_base<32, true> const&)'
remark: D:/tool/vitis/Vitis_HLS/2022.2/common/technology/autopilot\ap_int_base.h:1495:516: Inlining function 'ap_int_base<41, true>::ap_int_base(int)' into 'ap_int_base<40, true>::RType<32, true>::plus operator+<40, true, 32, true>(ap_int_base<40, true> const&, ap_int_base<32, true> const&)'
remark: D:/tool/vitis/Vitis_HLS/2022.2/common/technology/autopilot\ap_int_base.h:1495:427: Inlining function 'ap_int_base<41, true>::ap_int_base<32, true>(ap_int_base<32, true> const&)' into 'ap_int_base<40, true>::RType<32, true>::plus operator+<40, true, 32, true>(ap_int_base<40, true> const&, ap_int_base<32, true> const&)'
remark: D:/tool/vitis/Vitis_HLS/2022.2/common/technology/autopilot\ap_int_base.h:1633:1006: Inlining function 'ap_int_base<32, true>::ap_int_base(int)' into 'ap_int_base<40, true>::RType<($_0)32, true>::plus operator+<40, true>(ap_int_base<40, true> const&, int)'
remark: D:/tool/vitis/Vitis_HLS/2022.2/common/technology/autopilot\ap_int_base.h:1633:1004: Inlining function 'ap_int_base<40, true>::RType<32, true>::plus operator+<40, true, 32, true>(ap_int_base<40, true> const&, ap_int_base<32, true> const&)' into 'ap_int_base<40, true>::RType<($_0)32, true>::plus operator+<40, true>(ap_int_base<40, true> const&, int)'
remark: D:/tool/vitis/Vitis_HLS/2022.2/common/technology/autopilot\ap_int_base.h:185:106: Inlining function 'ssdm_int<16, true>::ssdm_int(short)' into 'ap_int_base<16, true>::ap_int_base<41, true>(ap_int_base<41, true> const&)'
remark: <unknown>:0:0: Inlining function 'ap_int_base<16, true>::ap_int_base<41, true>(ap_int_base<41, true> const&)' into 'ap_int<16>::ap_int<41>(ap_int<41> const&)'
remark: D:/tool/vitis/Vitis_HLS/2022.2/common/technology/autopilot\ap_int_base.h:185:106: Inlining function 'ssdm_int<32, true>::ssdm_int(int)' into 'ap_int_base<32, true>::ap_int_base<16, true>(ap_int_base<16, true> const&)'
remark: D:/tool/vitis/Vitis_HLS/2022.2/common/technology/autopilot\ap_int_base.h:185:106: Inlining function 'ssdm_int<32, true>::ssdm_int(int)' into 'ap_int_base<32, true>::ap_int_base<16, false>(ap_int_base<16, false> const&)'
remark: D:/tool/vitis/Vitis_HLS/2022.2/common/technology/autopilot\ap_int_base.h:1494:339: Inlining function 'ap_int_base<32, true>::ap_int_base<16, true>(ap_int_base<16, true> const&)' into 'ap_int_base<16, true>::RType<16, false>::mult operator*<16, true, 16, false>(ap_int_base<16, true> const&, ap_int_base<16, false> const&)'
remark: D:/tool/vitis/Vitis_HLS/2022.2/common/technology/autopilot\ap_int_base.h:1494:516: Inlining function 'ap_int_base<32, true>::ap_int_base(int)' into 'ap_int_base<16, true>::RType<16, false>::mult operator*<16, true, 16, false>(ap_int_base<16, true> const&, ap_int_base<16, false> const&)'
remark: D:/tool/vitis/Vitis_HLS/2022.2/common/technology/autopilot\ap_int_base.h:1494:427: Inlining function 'ap_int_base<32, true>::ap_int_base<16, false>(ap_int_base<16, false> const&)' into 'ap_int_base<16, true>::RType<16, false>::mult operator*<16, true, 16, false>(ap_int_base<16, true> const&, ap_int_base<16, false> const&)'
remark: D:/tool/vitis/Vitis_HLS/2022.2/common/technology/autopilot\ap_int_base.h:185:106: Inlining function '_ZN8ssdm_intILi48ELb1EEC2EDq48_i' into 'ap_int_base<48, true>::ap_int_base<32, true>(ap_int_base<32, true> const&)'
remark: D:/tool/vitis/Vitis_HLS/2022.2/common/technology/autopilot\ap_int_base.h:185:106: Inlining function '_ZN8ssdm_intILi48ELb1EEC2EDq48_i' into 'ap_int_base<48, true>::ap_int_base<16, false>(ap_int_base<16, false> const&)'
remark: D:/tool/vitis/Vitis_HLS/2022.2/common/technology/autopilot\ap_int_base.h:214:67: Inlining function '_ZN8ssdm_intILi48ELb1EEC2EDq48_i' into 'ap_int_base<48, true>::ap_int_base(int)'
remark: D:/tool/vitis/Vitis_HLS/2022.2/common/technology/autopilot\ap_int_base.h:1494:339: Inlining function 'ap_int_base<48, true>::ap_int_base<32, true>(ap_int_base<32, true> const&)' into 'ap_int_base<32, true>::RType<16, false>::mult operator*<32, true, 16, false>(ap_int_base<32, true> const&, ap_int_base<16, false> const&)'
remark: D:/tool/vitis/Vitis_HLS/2022.2/common/technology/autopilot\ap_int_base.h:1494:516: Inlining function 'ap_int_base<48, true>::ap_int_base(int)' into 'ap_int_base<32, true>::RType<16, false>::mult operator*<32, true, 16, false>(ap_int_base<32, true> const&, ap_int_base<16, false> const&)'
remark: D:/tool/vitis/Vitis_HLS/2022.2/common/technology/autopilot\ap_int_base.h:1494:427: Inlining function 'ap_int_base<48, true>::ap_int_base<16, false>(ap_int_base<16, false> const&)' into 'ap_int_base<32, true>::RType<16, false>::mult operator*<32, true, 16, false>(ap_int_base<32, true> const&, ap_int_base<16, false> const&)'
remark: D:/tool/vitis/Vitis_HLS/2022.2/common/technology/autopilot\ap_int_base.h:185:106: Inlining function '_ZN8ssdm_intILi49ELb1EEC2EDq49_i' into 'ap_int_base<49, true>::ap_int_base<48, true>(ap_int_base<48, true> const&)'
remark: D:/tool/vitis/Vitis_HLS/2022.2/common/technology/autopilot\ap_int_base.h:185:106: Inlining function '_ZN8ssdm_intILi49ELb1EEC2EDq49_i' into 'ap_int_base<49, true>::ap_int_base<32, true>(ap_int_base<32, true> const&)'
remark: D:/tool/vitis/Vitis_HLS/2022.2/common/technology/autopilot\ap_int_base.h:214:67: Inlining function '_ZN8ssdm_intILi49ELb1EEC2EDq49_i' into 'ap_int_base<49, true>::ap_int_base(int)'
remark: D:/tool/vitis/Vitis_HLS/2022.2/common/technology/autopilot\ap_int_base.h:1495:339: Inlining function 'ap_int_base<49, true>::ap_int_base<48, true>(ap_int_base<48, true> const&)' into 'ap_int_base<48, true>::RType<32, true>::plus operator+<48, true, 32, true>(ap_int_base<48, true> const&, ap_int_base<32, true> const&)'
remark: D:/tool/vitis/Vitis_HLS/2022.2/common/technology/autopilot\ap_int_base.h:1495:516: Inlining function 'ap_int_base<49, true>::ap_int_base(int)' into 'ap_int_base<48, true>::RType<32, true>::plus operator+<48, true, 32, true>(ap_int_base<48, true> const&, ap_int_base<32, true> const&)'
remark: D:/tool/vitis/Vitis_HLS/2022.2/common/technology/autopilot\ap_int_base.h:1495:427: Inlining function 'ap_int_base<49, true>::ap_int_base<32, true>(ap_int_base<32, true> const&)' into 'ap_int_base<48, true>::RType<32, true>::plus operator+<48, true, 32, true>(ap_int_base<48, true> const&, ap_int_base<32, true> const&)'
remark: D:/tool/vitis/Vitis_HLS/2022.2/common/technology/autopilot\ap_int_base.h:185:106: Inlining function '_ZN8ssdm_intILi50ELb1EEC2EDq50_i' into 'ap_int_base<50, true>::ap_int_base<49, true>(ap_int_base<49, true> const&)'
remark: D:/tool/vitis/Vitis_HLS/2022.2/common/technology/autopilot\ap_int_base.h:185:106: Inlining function '_ZN8ssdm_intILi50ELb1EEC2EDq50_i' into 'ap_int_base<50, true>::ap_int_base<32, true>(ap_int_base<32, true> const&)'
remark: D:/tool/vitis/Vitis_HLS/2022.2/common/technology/autopilot\ap_int_base.h:214:67: Inlining function '_ZN8ssdm_intILi50ELb1EEC2EDq50_i' into 'ap_int_base<50, true>::ap_int_base(int)'
remark: D:/tool/vitis/Vitis_HLS/2022.2/common/technology/autopilot\ap_int_base.h:1495:339: Inlining function 'ap_int_base<50, true>::ap_int_base<49, true>(ap_int_base<49, true> const&)' into 'ap_int_base<49, true>::RType<32, true>::plus operator+<49, true, 32, true>(ap_int_base<49, true> const&, ap_int_base<32, true> const&)'
remark: D:/tool/vitis/Vitis_HLS/2022.2/common/technology/autopilot\ap_int_base.h:1495:516: Inlining function 'ap_int_base<50, true>::ap_int_base(int)' into 'ap_int_base<49, true>::RType<32, true>::plus operator+<49, true, 32, true>(ap_int_base<49, true> const&, ap_int_base<32, true> const&)'
remark: D:/tool/vitis/Vitis_HLS/2022.2/common/technology/autopilot\ap_int_base.h:1495:427: Inlining function 'ap_int_base<50, true>::ap_int_base<32, true>(ap_int_base<32, true> const&)' into 'ap_int_base<49, true>::RType<32, true>::plus operator+<49, true, 32, true>(ap_int_base<49, true> const&, ap_int_base<32, true> const&)'
remark: D:/tool/vitis/Vitis_HLS/2022.2/common/technology/autopilot\ap_int_base.h:1633:1006: Inlining function 'ap_int_base<32, true>::ap_int_base(int)' into 'ap_int_base<49, true>::RType<($_0)32, true>::plus operator+<49, true>(ap_int_base<49, true> const&, int)'
remark: D:/tool/vitis/Vitis_HLS/2022.2/common/technology/autopilot\ap_int_base.h:1633:1004: Inlining function 'ap_int_base<49, true>::RType<32, true>::plus operator+<49, true, 32, true>(ap_int_base<49, true> const&, ap_int_base<32, true> const&)' into 'ap_int_base<49, true>::RType<($_0)32, true>::plus operator+<49, true>(ap_int_base<49, true> const&, int)'
remark: D:/tool/vitis/Vitis_HLS/2022.2/common/technology/autopilot\ap_int_base.h:185:106: Inlining function 'ssdm_int<16, false>::ssdm_int(unsigned short)' into 'ap_int_base<16, false>::ap_int_base<8, false>(ap_int_base<8, false> const&)'
remark: D:/tool/vitis/Vitis_HLS/2022.2/common/technology/autopilot\ap_int_base.h:1494:339: Inlining function 'ap_int_base<16, false>::ap_int_base<8, false>(ap_int_base<8, false> const&)' into 'ap_int_base<8, false>::RType<8, false>::mult operator*<8, false, 8, false>(ap_int_base<8, false> const&, ap_int_base<8, false> const&)'
remark: D:/tool/vitis/Vitis_HLS/2022.2/common/technology/autopilot\ap_int_base.h:1494:516: Inlining function 'ap_int_base<16, false>::ap_int_base(int)' into 'ap_int_base<8, false>::RType<8, false>::mult operator*<8, false, 8, false>(ap_int_base<8, false> const&, ap_int_base<8, false> const&)'
remark: D:/tool/vitis/Vitis_HLS/2022.2/common/technology/autopilot\ap_int_base.h:1494:427: Inlining function 'ap_int_base<16, false>::ap_int_base<8, false>(ap_int_base<8, false> const&)' into 'ap_int_base<8, false>::RType<8, false>::mult operator*<8, false, 8, false>(ap_int_base<8, false> const&, ap_int_base<8, false> const&)'
remark: D:/tool/vitis/Vitis_HLS/2022.2/common/technology/autopilot\ap_int_base.h:1570:618: Inlining function 'ap_int_base<16, false>::operator unsigned long long() const' into 'float operator/<16, false>(float, ap_int_base<16, false> const&)'
remark: D:/tool/vitis/Vitis_HLS/2022.2/common/technology/autopilot\ap_int_base.h:1633:216: Inlining function 'ap_int_base<32, true>::ap_int_base(int)' into 'ap_int_base<16, false>::RType<($_0)32, true>::mult operator*<16, false>(int, ap_int_base<16, false> const&)'
remark: D:/tool/vitis/Vitis_HLS/2022.2/common/technology/autopilot\ap_int_base.h:1633:254: Inlining function 'ap_int_base<32, true>::RType<16, false>::mult operator*<32, true, 16, false>(ap_int_base<32, true> const&, ap_int_base<16, false> const&)' into 'ap_int_base<16, false>::RType<($_0)32, true>::mult operator*<16, false>(int, ap_int_base<16, false> const&)'
remark: D:/tool/vitis/Vitis_HLS/2022.2/common/technology/autopilot\ap_int_base.h:185:106: Inlining function 'ssdm_int<64, true>::ssdm_int(long)' into 'ap_int_base<64, true>::ap_int_base<48, true>(ap_int_base<48, true> const&)'
remark: D:/tool/vitis/Vitis_HLS/2022.2/common/technology/autopilot\ap_int_base.h:185:106: Inlining function 'ssdm_int<64, true>::ssdm_int(long)' into 'ap_int_base<64, true>::ap_int_base<16, false>(ap_int_base<16, false> const&)'
remark: D:/tool/vitis/Vitis_HLS/2022.2/common/technology/autopilot\ap_int_base.h:214:67: Inlining function 'ssdm_int<64, true>::ssdm_int(long)' into 'ap_int_base<64, true>::ap_int_base(int)'
remark: D:/tool/vitis/Vitis_HLS/2022.2/common/technology/autopilot\ap_int_base.h:1494:339: Inlining function 'ap_int_base<64, true>::ap_int_base<48, true>(ap_int_base<48, true> const&)' into 'ap_int_base<48, true>::RType<16, false>::mult operator*<48, true, 16, false>(ap_int_base<48, true> const&, ap_int_base<16, false> const&)'
remark: D:/tool/vitis/Vitis_HLS/2022.2/common/technology/autopilot\ap_int_base.h:1494:516: Inlining function 'ap_int_base<64, true>::ap_int_base(int)' into 'ap_int_base<48, true>::RType<16, false>::mult operator*<48, true, 16, false>(ap_int_base<48, true> const&, ap_int_base<16, false> const&)'
remark: D:/tool/vitis/Vitis_HLS/2022.2/common/technology/autopilot\ap_int_base.h:1494:427: Inlining function 'ap_int_base<64, true>::ap_int_base<16, false>(ap_int_base<16, false> const&)' into 'ap_int_base<48, true>::RType<16, false>::mult operator*<48, true, 16, false>(ap_int_base<48, true> const&, ap_int_base<16, false> const&)'
remark: D:/tool/vitis/Vitis_HLS/2022.2/common/technology/autopilot\ap_int_base.h:185:106: Inlining function '_ZN8ssdm_intILi65ELb1EEC2EDq65_i' into 'ap_int_base<65, true>::ap_int_base<64, true>(ap_int_base<64, true> const&)'
remark: D:/tool/vitis/Vitis_HLS/2022.2/common/technology/autopilot\ap_int_base.h:185:106: Inlining function '_ZN8ssdm_intILi65ELb1EEC2EDq65_i' into 'ap_int_base<65, true>::ap_int_base<48, true>(ap_int_base<48, true> const&)'
remark: D:/tool/vitis/Vitis_HLS/2022.2/common/technology/autopilot\ap_int_base.h:214:67: Inlining function '_ZN8ssdm_intILi65ELb1EEC2EDq65_i' into 'ap_int_base<65, true>::ap_int_base(int)'
remark: D:/tool/vitis/Vitis_HLS/2022.2/common/technology/autopilot\ap_int_base.h:1495:339: Inlining function 'ap_int_base<65, true>::ap_int_base<64, true>(ap_int_base<64, true> const&)' into 'ap_int_base<64, true>::RType<48, true>::plus operator+<64, true, 48, true>(ap_int_base<64, true> const&, ap_int_base<48, true> const&)'
remark: D:/tool/vitis/Vitis_HLS/2022.2/common/technology/autopilot\ap_int_base.h:1495:516: Inlining function 'ap_int_base<65, true>::ap_int_base(int)' into 'ap_int_base<64, true>::RType<48, true>::plus operator+<64, true, 48, true>(ap_int_base<64, true> const&, ap_int_base<48, true> const&)'
remark: D:/tool/vitis/Vitis_HLS/2022.2/common/technology/autopilot\ap_int_base.h:1495:427: Inlining function 'ap_int_base<65, true>::ap_int_base<48, true>(ap_int_base<48, true> const&)' into 'ap_int_base<64, true>::RType<48, true>::plus operator+<64, true, 48, true>(ap_int_base<64, true> const&, ap_int_base<48, true> const&)'
remark: D:/tool/vitis/Vitis_HLS/2022.2/common/technology/autopilot\ap_int_base.h:185:106: Inlining function '_ZN8ssdm_intILi66ELb1EEC2EDq66_i' into 'ap_int_base<66, true>::ap_int_base<65, true>(ap_int_base<65, true> const&)'
remark: D:/tool/vitis/Vitis_HLS/2022.2/common/technology/autopilot\ap_int_base.h:185:106: Inlining function '_ZN8ssdm_intILi66ELb1EEC2EDq66_i' into 'ap_int_base<66, true>::ap_int_base<32, true>(ap_int_base<32, true> const&)'
remark: D:/tool/vitis/Vitis_HLS/2022.2/common/technology/autopilot\ap_int_base.h:214:67: Inlining function '_ZN8ssdm_intILi66ELb1EEC2EDq66_i' into 'ap_int_base<66, true>::ap_int_base(int)'
remark: D:/tool/vitis/Vitis_HLS/2022.2/common/technology/autopilot\ap_int_base.h:1495:339: Inlining function 'ap_int_base<66, true>::ap_int_base<65, true>(ap_int_base<65, true> const&)' into 'ap_int_base<65, true>::RType<32, true>::plus operator+<65, true, 32, true>(ap_int_base<65, true> const&, ap_int_base<32, true> const&)'
remark: D:/tool/vitis/Vitis_HLS/2022.2/common/technology/autopilot\ap_int_base.h:1495:516: Inlining function 'ap_int_base<66, true>::ap_int_base(int)' into 'ap_int_base<65, true>::RType<32, true>::plus operator+<65, true, 32, true>(ap_int_base<65, true> const&, ap_int_base<32, true> const&)'
remark: D:/tool/vitis/Vitis_HLS/2022.2/common/technology/autopilot\ap_int_base.h:1495:427: Inlining function 'ap_int_base<66, true>::ap_int_base<32, true>(ap_int_base<32, true> const&)' into 'ap_int_base<65, true>::RType<32, true>::plus operator+<65, true, 32, true>(ap_int_base<65, true> const&, ap_int_base<32, true> const&)'
remark: D:/tool/vitis/Vitis_HLS/2022.2/common/technology/autopilot\ap_int_base.h:1633:1006: Inlining function 'ap_int_base<32, true>::ap_int_base(int)' into 'ap_int_base<65, true>::RType<($_0)32, true>::plus operator+<65, true>(ap_int_base<65, true> const&, int)'
remark: D:/tool/vitis/Vitis_HLS/2022.2/common/technology/autopilot\ap_int_base.h:1633:1004: Inlining function 'ap_int_base<65, true>::RType<32, true>::plus operator+<65, true, 32, true>(ap_int_base<65, true> const&, ap_int_base<32, true> const&)' into 'ap_int_base<65, true>::RType<($_0)32, true>::plus operator+<65, true>(ap_int_base<65, true> const&, int)'
remark: pool_core.cpp:21:10: Inlining function 'ap_int_base<16, false>::RType<8, false>::div operator/<16, false, 8, false>(ap_int_base<16, false> const&, ap_int_base<8, false> const&)' into 'Pool(ap_uint<16>, ap_uint<16>, ap_uint<16>, ap_uint<8>, ap_uint<8>, ap_uint<2>, float*, float*)'
remark: pool_core.cpp:51:17: Inlining function 'ap_int_base<66, true>::operator long long() const' into 'Pool(ap_uint<16>, ap_uint<16>, ap_uint<16>, ap_uint<8>, ap_uint<8>, ap_uint<2>, float*, float*)'
remark: pool_core.cpp:51:35: Inlining function 'ap_int_base<65, true>::RType<($_0)32, true>::plus operator+<65, true>(ap_int_base<65, true> const&, int)' into 'Pool(ap_uint<16>, ap_uint<16>, ap_uint<16>, ap_uint<8>, ap_uint<8>, ap_uint<2>, float*, float*)'
remark: pool_core.cpp:51:28: Inlining function 'ap_int_base<64, true>::RType<48, true>::plus operator+<64, true, 48, true>(ap_int_base<64, true> const&, ap_int_base<48, true> const&)' into 'Pool(ap_uint<16>, ap_uint<16>, ap_uint<16>, ap_uint<8>, ap_uint<8>, ap_uint<2>, float*, float*)'
remark: pool_core.cpp:51:30: Inlining function 'ap_int_base<16, false>::RType<($_0)32, true>::mult operator*<16, false>(int, ap_int_base<16, false> const&)' into 'Pool(ap_uint<16>, ap_uint<16>, ap_uint<16>, ap_uint<8>, ap_uint<8>, ap_uint<2>, float*, float*)'
remark: pool_core.cpp:51:23: Inlining function 'ap_int_base<48, true>::RType<16, false>::mult operator*<48, true, 16, false>(ap_int_base<48, true> const&, ap_int_base<16, false> const&)' into 'Pool(ap_uint<16>, ap_uint<16>, ap_uint<16>, ap_uint<8>, ap_uint<8>, ap_uint<2>, float*, float*)'
remark: pool_core.cpp:51:18: Inlining function 'ap_int_base<16, false>::RType<($_0)32, true>::mult operator*<16, false>(int, ap_int_base<16, false> const&)' into 'Pool(ap_uint<16>, ap_uint<16>, ap_uint<16>, ap_uint<8>, ap_uint<8>, ap_uint<2>, float*, float*)'
remark: pool_core.cpp:50:13: Inlining function 'float operator/<16, false>(float, ap_int_base<16, false> const&)' into 'Pool(ap_uint<16>, ap_uint<16>, ap_uint<16>, ap_uint<8>, ap_uint<8>, ap_uint<2>, float*, float*)'
remark: pool_core.cpp:50:17: Inlining function 'ap_int_base<8, false>::RType<8, false>::mult operator*<8, false, 8, false>(ap_int_base<8, false> const&, ap_int_base<8, false> const&)' into 'Pool(ap_uint<16>, ap_uint<16>, ap_uint<16>, ap_uint<8>, ap_uint<8>, ap_uint<2>, float*, float*)'
remark: pool_core.cpp:49:12: Inlining function 'bool operator==<2, false>(ap_int_base<2, false> const&, int)' into 'Pool(ap_uint<16>, ap_uint<16>, ap_uint<16>, ap_uint<8>, ap_uint<8>, ap_uint<2>, float*, float*)'
remark: pool_core.cpp:45:74: Inlining function 'ap_int_base<50, true>::operator long long() const' into 'Pool(ap_uint<16>, ap_uint<16>, ap_uint<16>, ap_uint<8>, ap_uint<8>, ap_uint<2>, float*, float*)'
remark: pool_core.cpp:45:91: Inlining function 'ap_int_base<49, true>::RType<($_0)32, true>::plus operator+<49, true>(ap_int_base<49, true> const&, int)' into 'Pool(ap_uint<16>, ap_uint<16>, ap_uint<16>, ap_uint<8>, ap_uint<8>, ap_uint<2>, float*, float*)'
remark: pool_core.cpp:45:84: Inlining function 'ap_int_base<48, true>::RType<32, true>::plus operator+<48, true, 32, true>(ap_int_base<48, true> const&, ap_int_base<32, true> const&)' into 'Pool(ap_uint<16>, ap_uint<16>, ap_uint<16>, ap_uint<8>, ap_uint<8>, ap_uint<2>, float*, float*)'
remark: pool_core.cpp:45:86: Inlining function 'ap_int_base<16, true>::RType<16, false>::mult operator*<16, true, 16, false>(ap_int_base<16, true> const&, ap_int_base<16, false> const&)' into 'Pool(ap_uint<16>, ap_uint<16>, ap_uint<16>, ap_uint<8>, ap_uint<8>, ap_uint<2>, float*, float*)'
remark: pool_core.cpp:45:80: Inlining function 'ap_int_base<32, true>::RType<16, false>::mult operator*<32, true, 16, false>(ap_int_base<32, true> const&, ap_int_base<16, false> const&)' into 'Pool(ap_uint<16>, ap_uint<16>, ap_uint<16>, ap_uint<8>, ap_uint<8>, ap_uint<2>, float*, float*)'
remark: pool_core.cpp:45:75: Inlining function 'ap_int_base<16, true>::RType<16, false>::mult operator*<16, true, 16, false>(ap_int_base<16, true> const&, ap_int_base<16, false> const&)' into 'Pool(ap_uint<16>, ap_uint<16>, ap_uint<16>, ap_uint<8>, ap_uint<8>, ap_uint<2>, float*, float*)'
remark: pool_core.cpp:45:37: Inlining function 'ap_int_base<50, true>::operator long long() const' into 'Pool(ap_uint<16>, ap_uint<16>, ap_uint<16>, ap_uint<8>, ap_uint<8>, ap_uint<2>, float*, float*)'
remark: pool_core.cpp:45:54: Inlining function 'ap_int_base<49, true>::RType<($_0)32, true>::plus operator+<49, true>(ap_int_base<49, true> const&, int)' into 'Pool(ap_uint<16>, ap_uint<16>, ap_uint<16>, ap_uint<8>, ap_uint<8>, ap_uint<2>, float*, float*)'
remark: pool_core.cpp:45:47: Inlining function 'ap_int_base<48, true>::RType<32, true>::plus operator+<48, true, 32, true>(ap_int_base<48, true> const&, ap_int_base<32, true> const&)' into 'Pool(ap_uint<16>, ap_uint<16>, ap_uint<16>, ap_uint<8>, ap_uint<8>, ap_uint<2>, float*, float*)'
remark: pool_core.cpp:45:49: Inlining function 'ap_int_base<16, true>::RType<16, false>::mult operator*<16, true, 16, false>(ap_int_base<16, true> const&, ap_int_base<16, false> const&)' into 'Pool(ap_uint<16>, ap_uint<16>, ap_uint<16>, ap_uint<8>, ap_uint<8>, ap_uint<2>, float*, float*)'
remark: pool_core.cpp:45:43: Inlining function 'ap_int_base<32, true>::RType<16, false>::mult operator*<32, true, 16, false>(ap_int_base<32, true> const&, ap_int_base<16, false> const&)' into 'Pool(ap_uint<16>, ap_uint<16>, ap_uint<16>, ap_uint<8>, ap_uint<8>, ap_uint<2>, float*, float*)'
remark: pool_core.cpp:45:38: Inlining function 'ap_int_base<16, true>::RType<16, false>::mult operator*<16, true, 16, false>(ap_int_base<16, true> const&, ap_int_base<16, false> const&)' into 'Pool(ap_uint<16>, ap_uint<16>, ap_uint<16>, ap_uint<8>, ap_uint<8>, ap_uint<2>, float*, float*)'
remark: pool_core.cpp:44:70: Inlining function 'ap_int_base<50, true>::operator long long() const' into 'Pool(ap_uint<16>, ap_uint<16>, ap_uint<16>, ap_uint<8>, ap_uint<8>, ap_uint<2>, float*, float*)'
remark: pool_core.cpp:44:87: Inlining function 'ap_int_base<49, true>::RType<($_0)32, true>::plus operator+<49, true>(ap_int_base<49, true> const&, int)' into 'Pool(ap_uint<16>, ap_uint<16>, ap_uint<16>, ap_uint<8>, ap_uint<8>, ap_uint<2>, float*, float*)'
remark: pool_core.cpp:44:80: Inlining function 'ap_int_base<48, true>::RType<32, true>::plus operator+<48, true, 32, true>(ap_int_base<48, true> const&, ap_int_base<32, true> const&)' into 'Pool(ap_uint<16>, ap_uint<16>, ap_uint<16>, ap_uint<8>, ap_uint<8>, ap_uint<2>, float*, float*)'
remark: pool_core.cpp:44:82: Inlining function 'ap_int_base<16, true>::RType<16, false>::mult operator*<16, true, 16, false>(ap_int_base<16, true> const&, ap_int_base<16, false> const&)' into 'Pool(ap_uint<16>, ap_uint<16>, ap_uint<16>, ap_uint<8>, ap_uint<8>, ap_uint<2>, float*, float*)'
remark: pool_core.cpp:44:76: Inlining function 'ap_int_base<32, true>::RType<16, false>::mult operator*<32, true, 16, false>(ap_int_base<32, true> const&, ap_int_base<16, false> const&)' into 'Pool(ap_uint<16>, ap_uint<16>, ap_uint<16>, ap_uint<8>, ap_uint<8>, ap_uint<2>, float*, float*)'
remark: pool_core.cpp:44:71: Inlining function 'ap_int_base<16, true>::RType<16, false>::mult operator*<16, true, 16, false>(ap_int_base<16, true> const&, ap_int_base<16, false> const&)' into 'Pool(ap_uint<16>, ap_uint<16>, ap_uint<16>, ap_uint<8>, ap_uint<8>, ap_uint<2>, float*, float*)'
remark: pool_core.cpp:44:37: Inlining function 'ap_int_base<50, true>::operator long long() const' into 'Pool(ap_uint<16>, ap_uint<16>, ap_uint<16>, ap_uint<8>, ap_uint<8>, ap_uint<2>, float*, float*)'
remark: pool_core.cpp:44:54: Inlining function 'ap_int_base<49, true>::RType<($_0)32, true>::plus operator+<49, true>(ap_int_base<49, true> const&, int)' into 'Pool(ap_uint<16>, ap_uint<16>, ap_uint<16>, ap_uint<8>, ap_uint<8>, ap_uint<2>, float*, float*)'
remark: pool_core.cpp:44:47: Inlining function 'ap_int_base<48, true>::RType<32, true>::plus operator+<48, true, 32, true>(ap_int_base<48, true> const&, ap_int_base<32, true> const&)' into 'Pool(ap_uint<16>, ap_uint<16>, ap_uint<16>, ap_uint<8>, ap_uint<8>, ap_uint<2>, float*, float*)'
remark: pool_core.cpp:44:49: Inlining function 'ap_int_base<16, true>::RType<16, false>::mult operator*<16, true, 16, false>(ap_int_base<16, true> const&, ap_int_base<16, false> const&)' into 'Pool(ap_uint<16>, ap_uint<16>, ap_uint<16>, ap_uint<8>, ap_uint<8>, ap_uint<2>, float*, float*)'
remark: pool_core.cpp:44:43: Inlining function 'ap_int_base<32, true>::RType<16, false>::mult operator*<32, true, 16, false>(ap_int_base<32, true> const&, ap_int_base<16, false> const&)' into 'Pool(ap_uint<16>, ap_uint<16>, ap_uint<16>, ap_uint<8>, ap_uint<8>, ap_uint<2>, float*, float*)'
remark: pool_core.cpp:44:38: Inlining function 'ap_int_base<16, true>::RType<16, false>::mult operator*<16, true, 16, false>(ap_int_base<16, true> const&, ap_int_base<16, false> const&)' into 'Pool(ap_uint<16>, ap_uint<16>, ap_uint<16>, ap_uint<8>, ap_uint<8>, ap_uint<2>, float*, float*)'
remark: pool_core.cpp:43:32: Inlining function 'ap_int_base<50, true>::operator long long() const' into 'Pool(ap_uint<16>, ap_uint<16>, ap_uint<16>, ap_uint<8>, ap_uint<8>, ap_uint<2>, float*, float*)'
remark: pool_core.cpp:43:49: Inlining function 'ap_int_base<49, true>::RType<($_0)32, true>::plus operator+<49, true>(ap_int_base<49, true> const&, int)' into 'Pool(ap_uint<16>, ap_uint<16>, ap_uint<16>, ap_uint<8>, ap_uint<8>, ap_uint<2>, float*, float*)'
remark: pool_core.cpp:43:42: Inlining function 'ap_int_base<48, true>::RType<32, true>::plus operator+<48, true, 32, true>(ap_int_base<48, true> const&, ap_int_base<32, true> const&)' into 'Pool(ap_uint<16>, ap_uint<16>, ap_uint<16>, ap_uint<8>, ap_uint<8>, ap_uint<2>, float*, float*)'
remark: pool_core.cpp:43:44: Inlining function 'ap_int_base<16, true>::RType<16, false>::mult operator*<16, true, 16, false>(ap_int_base<16, true> const&, ap_int_base<16, false> const&)' into 'Pool(ap_uint<16>, ap_uint<16>, ap_uint<16>, ap_uint<8>, ap_uint<8>, ap_uint<2>, float*, float*)'
remark: pool_core.cpp:43:38: Inlining function 'ap_int_base<32, true>::RType<16, false>::mult operator*<32, true, 16, false>(ap_int_base<32, true> const&, ap_int_base<16, false> const&)' into 'Pool(ap_uint<16>, ap_uint<16>, ap_uint<16>, ap_uint<8>, ap_uint<8>, ap_uint<2>, float*, float*)'
remark: pool_core.cpp:43:33: Inlining function 'ap_int_base<16, true>::RType<16, false>::mult operator*<16, true, 16, false>(ap_int_base<16, true> const&, ap_int_base<16, false> const&)' into 'Pool(ap_uint<16>, ap_uint<16>, ap_uint<16>, ap_uint<8>, ap_uint<8>, ap_uint<2>, float*, float*)'
remark: pool_core.cpp:41:14: Inlining function 'ap_int_base<2, false>::operator unsigned long long() const' into 'Pool(ap_uint<16>, ap_uint<16>, ap_uint<16>, ap_uint<8>, ap_uint<8>, ap_uint<2>, float*, float*)'
remark: pool_core.cpp:40:24: Inlining function 'ap_int_base<40, true>::RType<($_0)32, true>::plus operator+<40, true>(ap_int_base<40, true> const&, int)' into 'Pool(ap_uint<16>, ap_uint<16>, ap_uint<16>, ap_uint<8>, ap_uint<8>, ap_uint<2>, float*, float*)'
remark: pool_core.cpp:40:21: Inlining function 'ap_int_base<8, false>::RType<($_0)32, true>::mult operator*<8, false>(int, ap_int_base<8, false> const&)' into 'Pool(ap_uint<16>, ap_uint<16>, ap_uint<16>, ap_uint<8>, ap_uint<8>, ap_uint<2>, float*, float*)'
remark: pool_core.cpp:39:24: Inlining function 'ap_int_base<40, true>::RType<($_0)32, true>::plus operator+<40, true>(ap_int_base<40, true> const&, int)' into 'Pool(ap_uint<16>, ap_uint<16>, ap_uint<16>, ap_uint<8>, ap_uint<8>, ap_uint<2>, float*, float*)'
remark: pool_core.cpp:39:21: Inlining function 'ap_int_base<8, false>::RType<($_0)32, true>::mult operator*<8, false>(int, ap_int_base<8, false> const&)' into 'Pool(ap_uint<16>, ap_uint<16>, ap_uint<16>, ap_uint<8>, ap_uint<8>, ap_uint<2>, float*, float*)'
remark: pool_core.cpp:37:38: Inlining function 'bool operator<<8, false>(int, ap_int_base<8, false> const&)' into 'Pool(ap_uint<16>, ap_uint<16>, ap_uint<16>, ap_uint<8>, ap_uint<8>, ap_uint<2>, float*, float*)'
remark: pool_core.cpp:36:37: Inlining function 'bool operator<<8, false>(int, ap_int_base<8, false> const&)' into 'Pool(ap_uint<16>, ap_uint<16>, ap_uint<16>, ap_uint<8>, ap_uint<8>, ap_uint<2>, float*, float*)'
remark: pool_core.cpp:32:13: Inlining function 'bool operator==<2, false>(ap_int_base<2, false> const&, int)' into 'Pool(ap_uint<16>, ap_uint<16>, ap_uint<16>, ap_uint<8>, ap_uint<8>, ap_uint<2>, float*, float*)'
remark: pool_core.cpp:29:12: Inlining function 'bool operator==<2, false>(ap_int_base<2, false> const&, int)' into 'Pool(ap_uint<16>, ap_uint<16>, ap_uint<16>, ap_uint<8>, ap_uint<8>, ap_uint<2>, float*, float*)'
remark: pool_core.cpp:26:34: Inlining function 'bool operator<<16, false>(int, ap_int_base<16, false> const&)' into 'Pool(ap_uint<16>, ap_uint<16>, ap_uint<16>, ap_uint<8>, ap_uint<8>, ap_uint<2>, float*, float*)'
remark: pool_core.cpp:25:33: Inlining function 'bool operator<<16, false>(int, ap_int_base<16, false> const&)' into 'Pool(ap_uint<16>, ap_uint<16>, ap_uint<16>, ap_uint<8>, ap_uint<8>, ap_uint<2>, float*, float*)'
remark: pool_core.cpp:24:32: Inlining function 'bool operator<<16, false>(int, ap_int_base<16, false> const&)' into 'Pool(ap_uint<16>, ap_uint<16>, ap_uint<16>, ap_uint<8>, ap_uint<8>, ap_uint<2>, float*, float*)'
remark: pool_core.cpp:22:10: Inlining function 'ap_int_base<16, false>::RType<8, false>::div operator/<16, false, 8, false>(ap_int_base<16, false> const&, ap_int_base<8, false> const&)' into 'Pool(ap_uint<16>, ap_uint<16>, ap_uint<16>, ap_uint<8>, ap_uint<8>, ap_uint<2>, float*, float*)'
remark: pool_core.cpp:45:26: Access load is in the conditional branch _XLX_SEP_ sw.bb66.load.29 feature_in gmem VITIS_LOOP_37_5 pool_core.cpp:37:23 Pool(ap_uint<16>, ap_uint<16>, ap_uint<16>, ap_uint<8>, ap_uint<8>, ap_uint<2>, float*, float*) 
remark: pool_core.cpp:44:26: Access load is in the conditional branch _XLX_SEP_ sw.bb39.load.29 feature_in gmem VITIS_LOOP_37_5 pool_core.cpp:37:23 Pool(ap_uint<16>, ap_uint<16>, ap_uint<16>, ap_uint<8>, ap_uint<8>, ap_uint<2>, float*, float*) 
remark: pool_core.cpp:43:21: Access load is in the conditional branch _XLX_SEP_ sw.bb.load.29 feature_in gmem VITIS_LOOP_37_5 pool_core.cpp:37:23 Pool(ap_uint<16>, ap_uint<16>, ap_uint<16>, ap_uint<8>, ap_uint<8>, ap_uint<2>, float*, float*) 
remark: pool_core.cpp:51:38: Stride is incompatible _XLX_SEP_ for.end104.store.34 feature_out gmem VITIS_LOOP_26_3 pool_core.cpp:26:21 Pool(ap_uint<16>, ap_uint<16>, ap_uint<16>, ap_uint<8>, ap_uint<8>, ap_uint<2>, float*, float*) 
