01/25/24 13:08:12: Running xcd server. This server was built by gradle.
01/25/24 13:08:12: Server was asked to start on port: '59220'
01/25/24 13:08:12: Server is using token UUID: '4847258c-8162-4bb5-ab16-0c5528377708'
01/25/24 13:08:12: SESSION_MGR: creating session with session uuid: '6d04a3e9-ade5-4ab9-8d63-1f78fcd2ec76' and name 'default'
01/25/24 13:08:12: Attempting to start server on port '59220'
01/25/24 13:08:12: Running Dispatch Server
01/25/24 13:08:12: Version 2.2.0
01/25/24 13:08:20: Dispatch Server: Accepted socket connection from client
01/25/24 13:08:20: Starting Socket connection
01/25/24 13:08:20: EXCHANGE_TOKEN received, server token: 4847258c-8162-4bb5-ab16-0c5528377708, passed token: 4847258c-8162-4bb5-ab16-0c5528377708
01/25/24 13:08:20: SESSION_MGR: creating session with session uuid: 'e0a0ab6c-0b71-4fb0-9f8e-fc5fbe0d915b' and name 'vitis_hls'
01/25/24 13:08:20: KERNEL_SVC: creating session with uuid: 'e0a0ab6c-0b71-4fb0-9f8e-fc5fbe0d915b' and name 'vitis_hls'
01/25/24 13:08:20: GUIDANCE_SMGR: creating guidance session with uuid: 'e0a0ab6c-0b71-4fb0-9f8e-fc5fbe0d915b' and name 'vitis_hls'
01/25/24 13:08:45: STOP_SERVER received, server token: 4847258c-8162-4bb5-ab16-0c5528377708, passed token: 4847258c-8162-4bb5-ab16-0c5528377708
01/25/24 13:08:45: Socket received request to stop server.
01/25/24 13:08:45: Dispatch Server: do_await_stop
01/25/24 13:08:45: SERVER: destructor for server bound to port 59220
01/25/24 13:08:45: Server exiting with status 0.
01/25/24 13:08:45: Closing log file.
01/25/24 13:09:17: Running xcd server. This server was built by gradle.
01/25/24 13:09:17: Server was asked to start on port: '59224'
01/25/24 13:09:17: Server is using token UUID: '704e2f1f-af68-4fc1-844e-676414a45b21'
01/25/24 13:09:17: SESSION_MGR: creating session with session uuid: '6d04a3e9-ade5-4ab9-8d63-1f78fcd2ec76' and name 'default'
01/25/24 13:09:17: Attempting to start server on port '59224'
01/25/24 13:09:17: Running Dispatch Server
01/25/24 13:09:17: Version 2.2.0
01/25/24 13:09:25: Dispatch Server: Accepted socket connection from client
01/25/24 13:09:25: Starting Socket connection
01/25/24 13:09:25: EXCHANGE_TOKEN received, server token: 704e2f1f-af68-4fc1-844e-676414a45b21, passed token: 704e2f1f-af68-4fc1-844e-676414a45b21
01/25/24 13:09:25: SESSION_MGR: creating session with session uuid: '36a04cfb-8716-4f68-a709-d5c16646f74f' and name 'vitis_hls'
01/25/24 13:09:25: KERNEL_SVC: creating session with uuid: '36a04cfb-8716-4f68-a709-d5c16646f74f' and name 'vitis_hls'
01/25/24 13:09:25: GUIDANCE_SMGR: creating guidance session with uuid: '36a04cfb-8716-4f68-a709-d5c16646f74f' and name 'vitis_hls'
01/25/24 13:10:47: STOP_SERVER received, server token: 704e2f1f-af68-4fc1-844e-676414a45b21, passed token: 704e2f1f-af68-4fc1-844e-676414a45b21
01/25/24 13:10:47: Socket received request to stop server.
01/25/24 13:10:47: Dispatch Server: do_await_stop
01/25/24 13:10:47: SERVER: destructor for server bound to port 59224
01/25/24 13:10:47: Server exiting with status 0.
01/25/24 13:10:47: Closing log file.
