remark: D:/tool/vitis/Vitis_HLS/2022.2/common/technology/autopilot\ap_int_base.h:214:67: Inlining function 'ssdm_int<32, true>::ssdm_int(int)' into 'ap_int_base<32, true>::ap_int_base(int)'
remark: D:/tool/vitis/Vitis_HLS/2022.2/common/technology/autopilot\ap_int_base.h:1788:1853: Inlining function 'ap_int_base<32, true>::ap_int_base(int)' into 'bool operator==<1, false>(ap_int_base<1, false> const&, int)'
remark: D:/tool/vitis/Vitis_HLS/2022.2/common/technology/autopilot\ap_int_base.h:1788:1850: Inlining function 'bool ap_int_base<1, false>::operator==<32, true>(ap_int_base<32, true> const&) const' into 'bool operator==<1, false>(ap_int_base<1, false> const&, int)'
remark: D:/tool/vitis/Vitis_HLS/2022.2/common/technology/autopilot\ap_int_base.h:214:67: Inlining function 'ssdm_int<8, false>::ssdm_int(unsigned char)' into 'ap_int_base<8, false>::ap_int_base(int)'
remark: <unknown>:0:0: Inlining function 'ap_int_base<8, false>::ap_int_base(int)' into 'ap_uint<8>::ap_uint(int)'
remark: D:/tool/vitis/Vitis_HLS/2022.2/common/technology/autopilot\ap_int_base.h:185:106: Inlining function '_ZN8ssdm_intILi33ELb1EEC2EDq33_i' into 'ap_int_base<33, true>::ap_int_base<8, false>(ap_int_base<8, false> const&)'
remark: D:/tool/vitis/Vitis_HLS/2022.2/common/technology/autopilot\ap_int_base.h:185:106: Inlining function '_ZN8ssdm_intILi33ELb1EEC2EDq33_i' into 'ap_int_base<33, true>::ap_int_base<32, true>(ap_int_base<32, true> const&)'
remark: D:/tool/vitis/Vitis_HLS/2022.2/common/technology/autopilot\ap_int_base.h:214:67: Inlining function '_ZN8ssdm_intILi33ELb1EEC2EDq33_i' into 'ap_int_base<33, true>::ap_int_base(int)'
remark: D:/tool/vitis/Vitis_HLS/2022.2/common/technology/autopilot\ap_int_base.h:1496:341: Inlining function 'ap_int_base<33, true>::ap_int_base<8, false>(ap_int_base<8, false> const&)' into 'ap_int_base<8, false>::RType<32, true>::minus operator-<8, false, 32, true>(ap_int_base<8, false> const&, ap_int_base<32, true> const&)'
remark: D:/tool/vitis/Vitis_HLS/2022.2/common/technology/autopilot\ap_int_base.h:1496:520: Inlining function 'ap_int_base<33, true>::ap_int_base(int)' into 'ap_int_base<8, false>::RType<32, true>::minus operator-<8, false, 32, true>(ap_int_base<8, false> const&, ap_int_base<32, true> const&)'
remark: D:/tool/vitis/Vitis_HLS/2022.2/common/technology/autopilot\ap_int_base.h:1496:430: Inlining function 'ap_int_base<33, true>::ap_int_base<32, true>(ap_int_base<32, true> const&)' into 'ap_int_base<8, false>::RType<32, true>::minus operator-<8, false, 32, true>(ap_int_base<8, false> const&, ap_int_base<32, true> const&)'
remark: D:/tool/vitis/Vitis_HLS/2022.2/common/technology/autopilot\ap_int_base.h:1633:1531: Inlining function 'ap_int_base<32, true>::ap_int_base(int)' into 'ap_int_base<8, false>::RType<($_0)32, true>::minus operator-<8, false>(ap_int_base<8, false> const&, int)'
remark: D:/tool/vitis/Vitis_HLS/2022.2/common/technology/autopilot\ap_int_base.h:1633:1529: Inlining function 'ap_int_base<8, false>::RType<32, true>::minus operator-<8, false, 32, true>(ap_int_base<8, false> const&, ap_int_base<32, true> const&)' into 'ap_int_base<8, false>::RType<($_0)32, true>::minus operator-<8, false>(ap_int_base<8, false> const&, int)'
remark: D:/tool/vitis/Vitis_HLS/2022.2/common/technology/autopilot\ap_int_base.h:214:67: Inlining function '_ZN8ssdm_intILi34ELb1EEC2EDq34_i' into 'ap_int_base<34, true>::ap_int_base(int)'
remark: D:/tool/vitis/Vitis_HLS/2022.2/common/technology/autopilot\ap_int_base.h:1513:337: Inlining function 'ap_int_base<34, true>::ap_int_base(int)' into 'ap_int_base<33, true>::RType<32, true>::div operator/<33, true, 32, true>(ap_int_base<33, true> const&, ap_int_base<32, true> const&)'
remark: D:/tool/vitis/Vitis_HLS/2022.2/common/technology/autopilot\ap_int_base.h:1633:2052: Inlining function 'ap_int_base<32, true>::ap_int_base(int)' into 'ap_int_base<33, true>::RType<($_0)32, true>::div operator/<33, true>(ap_int_base<33, true> const&, int)'
remark: D:/tool/vitis/Vitis_HLS/2022.2/common/technology/autopilot\ap_int_base.h:1633:2050: Inlining function 'ap_int_base<33, true>::RType<32, true>::div operator/<33, true, 32, true>(ap_int_base<33, true> const&, ap_int_base<32, true> const&)' into 'ap_int_base<33, true>::RType<($_0)32, true>::div operator/<33, true>(ap_int_base<33, true> const&, int)'
remark: D:/tool/vitis/Vitis_HLS/2022.2/common/technology/autopilot\ap_int_base.h:185:106: Inlining function 'ssdm_int<8, false>::ssdm_int(unsigned char)' into 'ap_int_base<8, false>::ap_int_base<34, true>(ap_int_base<34, true> const&)'
remark: <unknown>:0:0: Inlining function 'ap_int_base<8, false>::ap_int_base<34, true>(ap_int_base<34, true> const&)' into 'ap_uint<8>::ap_uint<34>(ap_int<34> const&)'
remark: D:/tool/vitis/Vitis_HLS/2022.2/common/technology/autopilot\ap_int_base.h:185:106: Inlining function '_ZN8ssdm_intILi40ELb1EEC2EDq40_i' into 'ap_int_base<40, true>::ap_int_base<32, true>(ap_int_base<32, true> const&)'
remark: D:/tool/vitis/Vitis_HLS/2022.2/common/technology/autopilot\ap_int_base.h:185:106: Inlining function '_ZN8ssdm_intILi40ELb1EEC2EDq40_i' into 'ap_int_base<40, true>::ap_int_base<8, false>(ap_int_base<8, false> const&)'
remark: D:/tool/vitis/Vitis_HLS/2022.2/common/technology/autopilot\ap_int_base.h:214:67: Inlining function '_ZN8ssdm_intILi40ELb1EEC2EDq40_i' into 'ap_int_base<40, true>::ap_int_base(int)'
remark: D:/tool/vitis/Vitis_HLS/2022.2/common/technology/autopilot\ap_int_base.h:1494:339: Inlining function 'ap_int_base<40, true>::ap_int_base<32, true>(ap_int_base<32, true> const&)' into 'ap_int_base<32, true>::RType<8, false>::mult operator*<32, true, 8, false>(ap_int_base<32, true> const&, ap_int_base<8, false> const&)'
remark: D:/tool/vitis/Vitis_HLS/2022.2/common/technology/autopilot\ap_int_base.h:1494:516: Inlining function 'ap_int_base<40, true>::ap_int_base(int)' into 'ap_int_base<32, true>::RType<8, false>::mult operator*<32, true, 8, false>(ap_int_base<32, true> const&, ap_int_base<8, false> const&)'
remark: D:/tool/vitis/Vitis_HLS/2022.2/common/technology/autopilot\ap_int_base.h:1494:427: Inlining function 'ap_int_base<40, true>::ap_int_base<8, false>(ap_int_base<8, false> const&)' into 'ap_int_base<32, true>::RType<8, false>::mult operator*<32, true, 8, false>(ap_int_base<32, true> const&, ap_int_base<8, false> const&)'
remark: D:/tool/vitis/Vitis_HLS/2022.2/common/technology/autopilot\ap_int_base.h:1633:216: Inlining function 'ap_int_base<32, true>::ap_int_base(int)' into 'ap_int_base<8, false>::RType<($_0)32, true>::mult operator*<8, false>(int, ap_int_base<8, false> const&)'
remark: D:/tool/vitis/Vitis_HLS/2022.2/common/technology/autopilot\ap_int_base.h:1633:254: Inlining function 'ap_int_base<32, true>::RType<8, false>::mult operator*<32, true, 8, false>(ap_int_base<32, true> const&, ap_int_base<8, false> const&)' into 'ap_int_base<8, false>::RType<($_0)32, true>::mult operator*<8, false>(int, ap_int_base<8, false> const&)'
remark: D:/tool/vitis/Vitis_HLS/2022.2/common/technology/autopilot\ap_int_base.h:185:106: Inlining function '_ZN8ssdm_intILi41ELb1EEC2EDq41_i' into 'ap_int_base<41, true>::ap_int_base<16, false>(ap_int_base<16, false> const&)'
remark: D:/tool/vitis/Vitis_HLS/2022.2/common/technology/autopilot\ap_int_base.h:185:106: Inlining function '_ZN8ssdm_intILi41ELb1EEC2EDq41_i' into 'ap_int_base<41, true>::ap_int_base<40, true>(ap_int_base<40, true> const&)'
remark: D:/tool/vitis/Vitis_HLS/2022.2/common/technology/autopilot\ap_int_base.h:214:67: Inlining function '_ZN8ssdm_intILi41ELb1EEC2EDq41_i' into 'ap_int_base<41, true>::ap_int_base(int)'
remark: D:/tool/vitis/Vitis_HLS/2022.2/common/technology/autopilot\ap_int_base.h:1495:339: Inlining function 'ap_int_base<41, true>::ap_int_base<16, false>(ap_int_base<16, false> const&)' into 'ap_int_base<16, false>::RType<40, true>::plus operator+<16, false, 40, true>(ap_int_base<16, false> const&, ap_int_base<40, true> const&)'
remark: D:/tool/vitis/Vitis_HLS/2022.2/common/technology/autopilot\ap_int_base.h:1495:516: Inlining function 'ap_int_base<41, true>::ap_int_base(int)' into 'ap_int_base<16, false>::RType<40, true>::plus operator+<16, false, 40, true>(ap_int_base<16, false> const&, ap_int_base<40, true> const&)'
remark: D:/tool/vitis/Vitis_HLS/2022.2/common/technology/autopilot\ap_int_base.h:1495:427: Inlining function 'ap_int_base<41, true>::ap_int_base<40, true>(ap_int_base<40, true> const&)' into 'ap_int_base<16, false>::RType<40, true>::plus operator+<16, false, 40, true>(ap_int_base<16, false> const&, ap_int_base<40, true> const&)'
remark: D:/tool/vitis/Vitis_HLS/2022.2/common/technology/autopilot\ap_int_base.h:185:106: Inlining function '_ZN8ssdm_intILi42ELb1EEC2EDq42_i' into 'ap_int_base<42, true>::ap_int_base<41, true>(ap_int_base<41, true> const&)'
remark: D:/tool/vitis/Vitis_HLS/2022.2/common/technology/autopilot\ap_int_base.h:185:106: Inlining function '_ZN8ssdm_intILi42ELb1EEC2EDq42_i' into 'ap_int_base<42, true>::ap_int_base<8, false>(ap_int_base<8, false> const&)'
remark: D:/tool/vitis/Vitis_HLS/2022.2/common/technology/autopilot\ap_int_base.h:214:67: Inlining function '_ZN8ssdm_intILi42ELb1EEC2EDq42_i' into 'ap_int_base<42, true>::ap_int_base(int)'
remark: D:/tool/vitis/Vitis_HLS/2022.2/common/technology/autopilot\ap_int_base.h:1496:341: Inlining function 'ap_int_base<42, true>::ap_int_base<41, true>(ap_int_base<41, true> const&)' into 'ap_int_base<41, true>::RType<8, false>::minus operator-<41, true, 8, false>(ap_int_base<41, true> const&, ap_int_base<8, false> const&)'
remark: D:/tool/vitis/Vitis_HLS/2022.2/common/technology/autopilot\ap_int_base.h:1496:520: Inlining function 'ap_int_base<42, true>::ap_int_base(int)' into 'ap_int_base<41, true>::RType<8, false>::minus operator-<41, true, 8, false>(ap_int_base<41, true> const&, ap_int_base<8, false> const&)'
remark: D:/tool/vitis/Vitis_HLS/2022.2/common/technology/autopilot\ap_int_base.h:1496:430: Inlining function 'ap_int_base<42, true>::ap_int_base<8, false>(ap_int_base<8, false> const&)' into 'ap_int_base<41, true>::RType<8, false>::minus operator-<41, true, 8, false>(ap_int_base<41, true> const&, ap_int_base<8, false> const&)'
remark: D:/tool/vitis/Vitis_HLS/2022.2/common/technology/autopilot\ap_int_base.h:1513:337: Inlining function 'ap_int_base<42, true>::ap_int_base(int)' into 'ap_int_base<42, true>::RType<8, false>::div operator/<42, true, 8, false>(ap_int_base<42, true> const&, ap_int_base<8, false> const&)'
remark: D:/tool/vitis/Vitis_HLS/2022.2/common/technology/autopilot\ap_int_base.h:185:106: Inlining function '_ZN8ssdm_intILi43ELb1EEC2EDq43_i' into 'ap_int_base<43, true>::ap_int_base<42, true>(ap_int_base<42, true> const&)'
remark: D:/tool/vitis/Vitis_HLS/2022.2/common/technology/autopilot\ap_int_base.h:185:106: Inlining function '_ZN8ssdm_intILi43ELb1EEC2EDq43_i' into 'ap_int_base<43, true>::ap_int_base<32, true>(ap_int_base<32, true> const&)'
remark: D:/tool/vitis/Vitis_HLS/2022.2/common/technology/autopilot\ap_int_base.h:214:67: Inlining function '_ZN8ssdm_intILi43ELb1EEC2EDq43_i' into 'ap_int_base<43, true>::ap_int_base(int)'
remark: D:/tool/vitis/Vitis_HLS/2022.2/common/technology/autopilot\ap_int_base.h:1495:339: Inlining function 'ap_int_base<43, true>::ap_int_base<42, true>(ap_int_base<42, true> const&)' into 'ap_int_base<42, true>::RType<32, true>::plus operator+<42, true, 32, true>(ap_int_base<42, true> const&, ap_int_base<32, true> const&)'
remark: D:/tool/vitis/Vitis_HLS/2022.2/common/technology/autopilot\ap_int_base.h:1495:516: Inlining function 'ap_int_base<43, true>::ap_int_base(int)' into 'ap_int_base<42, true>::RType<32, true>::plus operator+<42, true, 32, true>(ap_int_base<42, true> const&, ap_int_base<32, true> const&)'
remark: D:/tool/vitis/Vitis_HLS/2022.2/common/technology/autopilot\ap_int_base.h:1495:427: Inlining function 'ap_int_base<43, true>::ap_int_base<32, true>(ap_int_base<32, true> const&)' into 'ap_int_base<42, true>::RType<32, true>::plus operator+<42, true, 32, true>(ap_int_base<42, true> const&, ap_int_base<32, true> const&)'
remark: D:/tool/vitis/Vitis_HLS/2022.2/common/technology/autopilot\ap_int_base.h:1633:1006: Inlining function 'ap_int_base<32, true>::ap_int_base(int)' into 'ap_int_base<42, true>::RType<($_0)32, true>::plus operator+<42, true>(ap_int_base<42, true> const&, int)'
remark: D:/tool/vitis/Vitis_HLS/2022.2/common/technology/autopilot\ap_int_base.h:1633:1004: Inlining function 'ap_int_base<42, true>::RType<32, true>::plus operator+<42, true, 32, true>(ap_int_base<42, true> const&, ap_int_base<32, true> const&)' into 'ap_int_base<42, true>::RType<($_0)32, true>::plus operator+<42, true>(ap_int_base<42, true> const&, int)'
remark: D:/tool/vitis/Vitis_HLS/2022.2/common/technology/autopilot\ap_int_base.h:185:106: Inlining function 'ssdm_int<16, false>::ssdm_int(unsigned short)' into 'ap_int_base<16, false>::ap_int_base<43, true>(ap_int_base<43, true> const&)'
remark: <unknown>:0:0: Inlining function 'ap_int_base<16, false>::ap_int_base<43, true>(ap_int_base<43, true> const&)' into 'ap_uint<16>::ap_uint<43>(ap_int<43> const&)'
remark: D:/tool/vitis/Vitis_HLS/2022.2/common/technology/autopilot\ap_int_base.h:1788:520: Inlining function 'ap_int_base<32, true>::ap_int_base(int)' into 'bool operator<<16, false>(int, ap_int_base<16, false> const&)'
remark: D:/tool/vitis/Vitis_HLS/2022.2/common/technology/autopilot\ap_int_base.h:1788:558: Inlining function 'bool ap_int_base<32, true>::operator<<16, false>(ap_int_base<16, false> const&) const' into 'bool operator<<16, false>(int, ap_int_base<16, false> const&)'
remark: D:/tool/vitis/Vitis_HLS/2022.2/common/technology/autopilot\ap_int_base.h:1788:520: Inlining function 'ap_int_base<32, true>::ap_int_base(int)' into 'bool operator<<8, false>(int, ap_int_base<8, false> const&)'
remark: D:/tool/vitis/Vitis_HLS/2022.2/common/technology/autopilot\ap_int_base.h:1788:558: Inlining function 'bool ap_int_base<32, true>::operator<<8, false>(ap_int_base<8, false> const&) const' into 'bool operator<<8, false>(int, ap_int_base<8, false> const&)'
remark: D:/tool/vitis/Vitis_HLS/2022.2/common/technology/autopilot\ap_int_base.h:185:106: Inlining function '_ZN8ssdm_intILi41ELb1EEC2EDq41_i' into 'ap_int_base<41, true>::ap_int_base<8, false>(ap_int_base<8, false> const&)'
remark: D:/tool/vitis/Vitis_HLS/2022.2/common/technology/autopilot\ap_int_base.h:1496:341: Inlining function 'ap_int_base<41, true>::ap_int_base<40, true>(ap_int_base<40, true> const&)' into 'ap_int_base<40, true>::RType<8, false>::minus operator-<40, true, 8, false>(ap_int_base<40, true> const&, ap_int_base<8, false> const&)'
remark: D:/tool/vitis/Vitis_HLS/2022.2/common/technology/autopilot\ap_int_base.h:1496:520: Inlining function 'ap_int_base<41, true>::ap_int_base(int)' into 'ap_int_base<40, true>::RType<8, false>::minus operator-<40, true, 8, false>(ap_int_base<40, true> const&, ap_int_base<8, false> const&)'
remark: D:/tool/vitis/Vitis_HLS/2022.2/common/technology/autopilot\ap_int_base.h:1496:430: Inlining function 'ap_int_base<41, true>::ap_int_base<8, false>(ap_int_base<8, false> const&)' into 'ap_int_base<40, true>::RType<8, false>::minus operator-<40, true, 8, false>(ap_int_base<40, true> const&, ap_int_base<8, false> const&)'
remark: D:/tool/vitis/Vitis_HLS/2022.2/common/technology/autopilot\ap_int_base.h:185:106: Inlining function '_ZN8ssdm_intILi42ELb1EEC2EDq42_i' into 'ap_int_base<42, true>::ap_int_base<32, true>(ap_int_base<32, true> const&)'
remark: D:/tool/vitis/Vitis_HLS/2022.2/common/technology/autopilot\ap_int_base.h:1495:339: Inlining function 'ap_int_base<42, true>::ap_int_base<41, true>(ap_int_base<41, true> const&)' into 'ap_int_base<41, true>::RType<32, true>::plus operator+<41, true, 32, true>(ap_int_base<41, true> const&, ap_int_base<32, true> const&)'
remark: D:/tool/vitis/Vitis_HLS/2022.2/common/technology/autopilot\ap_int_base.h:1495:516: Inlining function 'ap_int_base<42, true>::ap_int_base(int)' into 'ap_int_base<41, true>::RType<32, true>::plus operator+<41, true, 32, true>(ap_int_base<41, true> const&, ap_int_base<32, true> const&)'
remark: D:/tool/vitis/Vitis_HLS/2022.2/common/technology/autopilot\ap_int_base.h:1495:427: Inlining function 'ap_int_base<42, true>::ap_int_base<32, true>(ap_int_base<32, true> const&)' into 'ap_int_base<41, true>::RType<32, true>::plus operator+<41, true, 32, true>(ap_int_base<41, true> const&, ap_int_base<32, true> const&)'
remark: D:/tool/vitis/Vitis_HLS/2022.2/common/technology/autopilot\ap_int_base.h:1633:1006: Inlining function 'ap_int_base<32, true>::ap_int_base(int)' into 'ap_int_base<41, true>::RType<($_0)32, true>::plus operator+<41, true>(ap_int_base<41, true> const&, int)'
remark: D:/tool/vitis/Vitis_HLS/2022.2/common/technology/autopilot\ap_int_base.h:1633:1004: Inlining function 'ap_int_base<41, true>::RType<32, true>::plus operator+<41, true, 32, true>(ap_int_base<41, true> const&, ap_int_base<32, true> const&)' into 'ap_int_base<41, true>::RType<($_0)32, true>::plus operator+<41, true>(ap_int_base<41, true> const&, int)'
remark: D:/tool/vitis/Vitis_HLS/2022.2/common/technology/autopilot\ap_int_base.h:185:106: Inlining function 'ssdm_int<16, true>::ssdm_int(short)' into 'ap_int_base<16, true>::ap_int_base<42, true>(ap_int_base<42, true> const&)'
remark: <unknown>:0:0: Inlining function 'ap_int_base<16, true>::ap_int_base<42, true>(ap_int_base<42, true> const&)' into 'ap_int<16>::ap_int<42>(ap_int<42> const&)'
remark: D:/tool/vitis/Vitis_HLS/2022.2/common/technology/autopilot\ap_int_base.h:1788:1093: Inlining function 'ap_int_base<32, true>::ap_int_base(int)' into 'bool operator>=<16, true>(ap_int_base<16, true> const&, int)'
remark: D:/tool/vitis/Vitis_HLS/2022.2/common/technology/autopilot\ap_int_base.h:1788:1090: Inlining function 'bool ap_int_base<16, true>::operator>=<32, true>(ap_int_base<32, true> const&) const' into 'bool operator>=<16, true>(ap_int_base<16, true> const&, int)'
remark: D:/tool/vitis/Vitis_HLS/2022.2/common/technology/autopilot\ap_int_base.h:185:106: Inlining function 'ssdm_int<32, true>::ssdm_int(int)' into 'ap_int_base<32, true>::ap_int_base<16, true>(ap_int_base<16, true> const&)'
remark: D:/tool/vitis/Vitis_HLS/2022.2/common/technology/autopilot\ap_int_base.h:185:106: Inlining function 'ssdm_int<32, true>::ssdm_int(int)' into 'ap_int_base<32, true>::ap_int_base<16, false>(ap_int_base<16, false> const&)'
remark: D:/tool/vitis/Vitis_HLS/2022.2/common/technology/autopilot\ap_int_base.h:1494:339: Inlining function 'ap_int_base<32, true>::ap_int_base<16, true>(ap_int_base<16, true> const&)' into 'ap_int_base<16, true>::RType<16, false>::mult operator*<16, true, 16, false>(ap_int_base<16, true> const&, ap_int_base<16, false> const&)'
remark: D:/tool/vitis/Vitis_HLS/2022.2/common/technology/autopilot\ap_int_base.h:1494:516: Inlining function 'ap_int_base<32, true>::ap_int_base(int)' into 'ap_int_base<16, true>::RType<16, false>::mult operator*<16, true, 16, false>(ap_int_base<16, true> const&, ap_int_base<16, false> const&)'
remark: D:/tool/vitis/Vitis_HLS/2022.2/common/technology/autopilot\ap_int_base.h:1494:427: Inlining function 'ap_int_base<32, true>::ap_int_base<16, false>(ap_int_base<16, false> const&)' into 'ap_int_base<16, true>::RType<16, false>::mult operator*<16, true, 16, false>(ap_int_base<16, true> const&, ap_int_base<16, false> const&)'
remark: D:/tool/vitis/Vitis_HLS/2022.2/common/technology/autopilot\ap_int_base.h:185:106: Inlining function '_ZN8ssdm_intILi48ELb1EEC2EDq48_i' into 'ap_int_base<48, true>::ap_int_base<32, true>(ap_int_base<32, true> const&)'
remark: D:/tool/vitis/Vitis_HLS/2022.2/common/technology/autopilot\ap_int_base.h:185:106: Inlining function '_ZN8ssdm_intILi48ELb1EEC2EDq48_i' into 'ap_int_base<48, true>::ap_int_base<16, false>(ap_int_base<16, false> const&)'
remark: D:/tool/vitis/Vitis_HLS/2022.2/common/technology/autopilot\ap_int_base.h:214:67: Inlining function '_ZN8ssdm_intILi48ELb1EEC2EDq48_i' into 'ap_int_base<48, true>::ap_int_base(int)'
remark: D:/tool/vitis/Vitis_HLS/2022.2/common/technology/autopilot\ap_int_base.h:1494:339: Inlining function 'ap_int_base<48, true>::ap_int_base<32, true>(ap_int_base<32, true> const&)' into 'ap_int_base<32, true>::RType<16, false>::mult operator*<32, true, 16, false>(ap_int_base<32, true> const&, ap_int_base<16, false> const&)'
remark: D:/tool/vitis/Vitis_HLS/2022.2/common/technology/autopilot\ap_int_base.h:1494:516: Inlining function 'ap_int_base<48, true>::ap_int_base(int)' into 'ap_int_base<32, true>::RType<16, false>::mult operator*<32, true, 16, false>(ap_int_base<32, true> const&, ap_int_base<16, false> const&)'
remark: D:/tool/vitis/Vitis_HLS/2022.2/common/technology/autopilot\ap_int_base.h:1494:427: Inlining function 'ap_int_base<48, true>::ap_int_base<16, false>(ap_int_base<16, false> const&)' into 'ap_int_base<32, true>::RType<16, false>::mult operator*<32, true, 16, false>(ap_int_base<32, true> const&, ap_int_base<16, false> const&)'
remark: D:/tool/vitis/Vitis_HLS/2022.2/common/technology/autopilot\ap_int_base.h:185:106: Inlining function '_ZN8ssdm_intILi49ELb1EEC2EDq49_i' into 'ap_int_base<49, true>::ap_int_base<48, true>(ap_int_base<48, true> const&)'
remark: D:/tool/vitis/Vitis_HLS/2022.2/common/technology/autopilot\ap_int_base.h:185:106: Inlining function '_ZN8ssdm_intILi49ELb1EEC2EDq49_i' into 'ap_int_base<49, true>::ap_int_base<32, true>(ap_int_base<32, true> const&)'
remark: D:/tool/vitis/Vitis_HLS/2022.2/common/technology/autopilot\ap_int_base.h:214:67: Inlining function '_ZN8ssdm_intILi49ELb1EEC2EDq49_i' into 'ap_int_base<49, true>::ap_int_base(int)'
remark: D:/tool/vitis/Vitis_HLS/2022.2/common/technology/autopilot\ap_int_base.h:1495:339: Inlining function 'ap_int_base<49, true>::ap_int_base<48, true>(ap_int_base<48, true> const&)' into 'ap_int_base<48, true>::RType<32, true>::plus operator+<48, true, 32, true>(ap_int_base<48, true> const&, ap_int_base<32, true> const&)'
remark: D:/tool/vitis/Vitis_HLS/2022.2/common/technology/autopilot\ap_int_base.h:1495:516: Inlining function 'ap_int_base<49, true>::ap_int_base(int)' into 'ap_int_base<48, true>::RType<32, true>::plus operator+<48, true, 32, true>(ap_int_base<48, true> const&, ap_int_base<32, true> const&)'
remark: D:/tool/vitis/Vitis_HLS/2022.2/common/technology/autopilot\ap_int_base.h:1495:427: Inlining function 'ap_int_base<49, true>::ap_int_base<32, true>(ap_int_base<32, true> const&)' into 'ap_int_base<48, true>::RType<32, true>::plus operator+<48, true, 32, true>(ap_int_base<48, true> const&, ap_int_base<32, true> const&)'
remark: D:/tool/vitis/Vitis_HLS/2022.2/common/technology/autopilot\ap_int_base.h:185:106: Inlining function '_ZN8ssdm_intILi50ELb1EEC2EDq50_i' into 'ap_int_base<50, true>::ap_int_base<49, true>(ap_int_base<49, true> const&)'
remark: D:/tool/vitis/Vitis_HLS/2022.2/common/technology/autopilot\ap_int_base.h:185:106: Inlining function '_ZN8ssdm_intILi50ELb1EEC2EDq50_i' into 'ap_int_base<50, true>::ap_int_base<32, true>(ap_int_base<32, true> const&)'
remark: D:/tool/vitis/Vitis_HLS/2022.2/common/technology/autopilot\ap_int_base.h:214:67: Inlining function '_ZN8ssdm_intILi50ELb1EEC2EDq50_i' into 'ap_int_base<50, true>::ap_int_base(int)'
remark: D:/tool/vitis/Vitis_HLS/2022.2/common/technology/autopilot\ap_int_base.h:1495:339: Inlining function 'ap_int_base<50, true>::ap_int_base<49, true>(ap_int_base<49, true> const&)' into 'ap_int_base<49, true>::RType<32, true>::plus operator+<49, true, 32, true>(ap_int_base<49, true> const&, ap_int_base<32, true> const&)'
remark: D:/tool/vitis/Vitis_HLS/2022.2/common/technology/autopilot\ap_int_base.h:1495:516: Inlining function 'ap_int_base<50, true>::ap_int_base(int)' into 'ap_int_base<49, true>::RType<32, true>::plus operator+<49, true, 32, true>(ap_int_base<49, true> const&, ap_int_base<32, true> const&)'
remark: D:/tool/vitis/Vitis_HLS/2022.2/common/technology/autopilot\ap_int_base.h:1495:427: Inlining function 'ap_int_base<50, true>::ap_int_base<32, true>(ap_int_base<32, true> const&)' into 'ap_int_base<49, true>::RType<32, true>::plus operator+<49, true, 32, true>(ap_int_base<49, true> const&, ap_int_base<32, true> const&)'
remark: D:/tool/vitis/Vitis_HLS/2022.2/common/technology/autopilot\ap_int_base.h:1633:1006: Inlining function 'ap_int_base<32, true>::ap_int_base(int)' into 'ap_int_base<49, true>::RType<($_0)32, true>::plus operator+<49, true>(ap_int_base<49, true> const&, int)'
remark: D:/tool/vitis/Vitis_HLS/2022.2/common/technology/autopilot\ap_int_base.h:1633:1004: Inlining function 'ap_int_base<49, true>::RType<32, true>::plus operator+<49, true, 32, true>(ap_int_base<49, true> const&, ap_int_base<32, true> const&)' into 'ap_int_base<49, true>::RType<($_0)32, true>::plus operator+<49, true>(ap_int_base<49, true> const&, int)'
remark: D:/tool/vitis/Vitis_HLS/2022.2/common/technology/autopilot\ap_int_base.h:185:106: Inlining function '_ZN8ssdm_intILi56ELb1EEC2EDq56_i' into 'ap_int_base<56, true>::ap_int_base<40, true>(ap_int_base<40, true> const&)'
remark: D:/tool/vitis/Vitis_HLS/2022.2/common/technology/autopilot\ap_int_base.h:185:106: Inlining function '_ZN8ssdm_intILi56ELb1EEC2EDq56_i' into 'ap_int_base<56, true>::ap_int_base<16, false>(ap_int_base<16, false> const&)'
remark: D:/tool/vitis/Vitis_HLS/2022.2/common/technology/autopilot\ap_int_base.h:214:67: Inlining function '_ZN8ssdm_intILi56ELb1EEC2EDq56_i' into 'ap_int_base<56, true>::ap_int_base(int)'
remark: D:/tool/vitis/Vitis_HLS/2022.2/common/technology/autopilot\ap_int_base.h:1494:339: Inlining function 'ap_int_base<56, true>::ap_int_base<40, true>(ap_int_base<40, true> const&)' into 'ap_int_base<40, true>::RType<16, false>::mult operator*<40, true, 16, false>(ap_int_base<40, true> const&, ap_int_base<16, false> const&)'
remark: D:/tool/vitis/Vitis_HLS/2022.2/common/technology/autopilot\ap_int_base.h:1494:516: Inlining function 'ap_int_base<56, true>::ap_int_base(int)' into 'ap_int_base<40, true>::RType<16, false>::mult operator*<40, true, 16, false>(ap_int_base<40, true> const&, ap_int_base<16, false> const&)'
remark: D:/tool/vitis/Vitis_HLS/2022.2/common/technology/autopilot\ap_int_base.h:1494:427: Inlining function 'ap_int_base<56, true>::ap_int_base<16, false>(ap_int_base<16, false> const&)' into 'ap_int_base<40, true>::RType<16, false>::mult operator*<40, true, 16, false>(ap_int_base<40, true> const&, ap_int_base<16, false> const&)'
remark: D:/tool/vitis/Vitis_HLS/2022.2/common/technology/autopilot\ap_int_base.h:185:106: Inlining function '_ZN8ssdm_intILi72ELb1EEC2EDq72_i' into 'ap_int_base<72, true>::ap_int_base<56, true>(ap_int_base<56, true> const&)'
remark: D:/tool/vitis/Vitis_HLS/2022.2/common/technology/autopilot\ap_int_base.h:185:106: Inlining function '_ZN8ssdm_intILi72ELb1EEC2EDq72_i' into 'ap_int_base<72, true>::ap_int_base<16, false>(ap_int_base<16, false> const&)'
remark: D:/tool/vitis/Vitis_HLS/2022.2/common/technology/autopilot\ap_int_base.h:214:67: Inlining function '_ZN8ssdm_intILi72ELb1EEC2EDq72_i' into 'ap_int_base<72, true>::ap_int_base(int)'
remark: D:/tool/vitis/Vitis_HLS/2022.2/common/technology/autopilot\ap_int_base.h:1494:339: Inlining function 'ap_int_base<72, true>::ap_int_base<56, true>(ap_int_base<56, true> const&)' into 'ap_int_base<56, true>::RType<16, false>::mult operator*<56, true, 16, false>(ap_int_base<56, true> const&, ap_int_base<16, false> const&)'
remark: D:/tool/vitis/Vitis_HLS/2022.2/common/technology/autopilot\ap_int_base.h:1494:516: Inlining function 'ap_int_base<72, true>::ap_int_base(int)' into 'ap_int_base<56, true>::RType<16, false>::mult operator*<56, true, 16, false>(ap_int_base<56, true> const&, ap_int_base<16, false> const&)'
remark: D:/tool/vitis/Vitis_HLS/2022.2/common/technology/autopilot\ap_int_base.h:1494:427: Inlining function 'ap_int_base<72, true>::ap_int_base<16, false>(ap_int_base<16, false> const&)' into 'ap_int_base<56, true>::RType<16, false>::mult operator*<56, true, 16, false>(ap_int_base<56, true> const&, ap_int_base<16, false> const&)'
remark: D:/tool/vitis/Vitis_HLS/2022.2/common/technology/autopilot\ap_int_base.h:1633:216: Inlining function 'ap_int_base<32, true>::ap_int_base(int)' into 'ap_int_base<16, false>::RType<($_0)32, true>::mult operator*<16, false>(int, ap_int_base<16, false> const&)'
remark: D:/tool/vitis/Vitis_HLS/2022.2/common/technology/autopilot\ap_int_base.h:1633:254: Inlining function 'ap_int_base<32, true>::RType<16, false>::mult operator*<32, true, 16, false>(ap_int_base<32, true> const&, ap_int_base<16, false> const&)' into 'ap_int_base<16, false>::RType<($_0)32, true>::mult operator*<16, false>(int, ap_int_base<16, false> const&)'
remark: D:/tool/vitis/Vitis_HLS/2022.2/common/technology/autopilot\ap_int_base.h:185:106: Inlining function 'ssdm_int<64, true>::ssdm_int(long)' into 'ap_int_base<64, true>::ap_int_base<48, true>(ap_int_base<48, true> const&)'
remark: D:/tool/vitis/Vitis_HLS/2022.2/common/technology/autopilot\ap_int_base.h:185:106: Inlining function 'ssdm_int<64, true>::ssdm_int(long)' into 'ap_int_base<64, true>::ap_int_base<16, false>(ap_int_base<16, false> const&)'
remark: D:/tool/vitis/Vitis_HLS/2022.2/common/technology/autopilot\ap_int_base.h:214:67: Inlining function 'ssdm_int<64, true>::ssdm_int(long)' into 'ap_int_base<64, true>::ap_int_base(int)'
remark: D:/tool/vitis/Vitis_HLS/2022.2/common/technology/autopilot\ap_int_base.h:1494:339: Inlining function 'ap_int_base<64, true>::ap_int_base<48, true>(ap_int_base<48, true> const&)' into 'ap_int_base<48, true>::RType<16, false>::mult operator*<48, true, 16, false>(ap_int_base<48, true> const&, ap_int_base<16, false> const&)'
remark: D:/tool/vitis/Vitis_HLS/2022.2/common/technology/autopilot\ap_int_base.h:1494:516: Inlining function 'ap_int_base<64, true>::ap_int_base(int)' into 'ap_int_base<48, true>::RType<16, false>::mult operator*<48, true, 16, false>(ap_int_base<48, true> const&, ap_int_base<16, false> const&)'
remark: D:/tool/vitis/Vitis_HLS/2022.2/common/technology/autopilot\ap_int_base.h:1494:427: Inlining function 'ap_int_base<64, true>::ap_int_base<16, false>(ap_int_base<16, false> const&)' into 'ap_int_base<48, true>::RType<16, false>::mult operator*<48, true, 16, false>(ap_int_base<48, true> const&, ap_int_base<16, false> const&)'
remark: D:/tool/vitis/Vitis_HLS/2022.2/common/technology/autopilot\ap_int_base.h:185:106: Inlining function '_ZN8ssdm_intILi73ELb1EEC2EDq73_i' into 'ap_int_base<73, true>::ap_int_base<72, true>(ap_int_base<72, true> const&)'
remark: D:/tool/vitis/Vitis_HLS/2022.2/common/technology/autopilot\ap_int_base.h:185:106: Inlining function '_ZN8ssdm_intILi73ELb1EEC2EDq73_i' into 'ap_int_base<73, true>::ap_int_base<64, true>(ap_int_base<64, true> const&)'
remark: D:/tool/vitis/Vitis_HLS/2022.2/common/technology/autopilot\ap_int_base.h:214:67: Inlining function '_ZN8ssdm_intILi73ELb1EEC2EDq73_i' into 'ap_int_base<73, true>::ap_int_base(int)'
remark: D:/tool/vitis/Vitis_HLS/2022.2/common/technology/autopilot\ap_int_base.h:1495:339: Inlining function 'ap_int_base<73, true>::ap_int_base<72, true>(ap_int_base<72, true> const&)' into 'ap_int_base<72, true>::RType<64, true>::plus operator+<72, true, 64, true>(ap_int_base<72, true> const&, ap_int_base<64, true> const&)'
remark: D:/tool/vitis/Vitis_HLS/2022.2/common/technology/autopilot\ap_int_base.h:1495:516: Inlining function 'ap_int_base<73, true>::ap_int_base(int)' into 'ap_int_base<72, true>::RType<64, true>::plus operator+<72, true, 64, true>(ap_int_base<72, true> const&, ap_int_base<64, true> const&)'
remark: D:/tool/vitis/Vitis_HLS/2022.2/common/technology/autopilot\ap_int_base.h:1495:427: Inlining function 'ap_int_base<73, true>::ap_int_base<64, true>(ap_int_base<64, true> const&)' into 'ap_int_base<72, true>::RType<64, true>::plus operator+<72, true, 64, true>(ap_int_base<72, true> const&, ap_int_base<64, true> const&)'
remark: D:/tool/vitis/Vitis_HLS/2022.2/common/technology/autopilot\ap_int_base.h:185:106: Inlining function '_ZN8ssdm_intILi74ELb1EEC2EDq74_i' into 'ap_int_base<74, true>::ap_int_base<73, true>(ap_int_base<73, true> const&)'
remark: D:/tool/vitis/Vitis_HLS/2022.2/common/technology/autopilot\ap_int_base.h:185:106: Inlining function '_ZN8ssdm_intILi74ELb1EEC2EDq74_i' into 'ap_int_base<74, true>::ap_int_base<48, true>(ap_int_base<48, true> const&)'
remark: D:/tool/vitis/Vitis_HLS/2022.2/common/technology/autopilot\ap_int_base.h:214:67: Inlining function '_ZN8ssdm_intILi74ELb1EEC2EDq74_i' into 'ap_int_base<74, true>::ap_int_base(int)'
remark: D:/tool/vitis/Vitis_HLS/2022.2/common/technology/autopilot\ap_int_base.h:1495:339: Inlining function 'ap_int_base<74, true>::ap_int_base<73, true>(ap_int_base<73, true> const&)' into 'ap_int_base<73, true>::RType<48, true>::plus operator+<73, true, 48, true>(ap_int_base<73, true> const&, ap_int_base<48, true> const&)'
remark: D:/tool/vitis/Vitis_HLS/2022.2/common/technology/autopilot\ap_int_base.h:1495:516: Inlining function 'ap_int_base<74, true>::ap_int_base(int)' into 'ap_int_base<73, true>::RType<48, true>::plus operator+<73, true, 48, true>(ap_int_base<73, true> const&, ap_int_base<48, true> const&)'
remark: D:/tool/vitis/Vitis_HLS/2022.2/common/technology/autopilot\ap_int_base.h:1495:427: Inlining function 'ap_int_base<74, true>::ap_int_base<48, true>(ap_int_base<48, true> const&)' into 'ap_int_base<73, true>::RType<48, true>::plus operator+<73, true, 48, true>(ap_int_base<73, true> const&, ap_int_base<48, true> const&)'
remark: D:/tool/vitis/Vitis_HLS/2022.2/common/technology/autopilot\ap_int_base.h:185:106: Inlining function '_ZN8ssdm_intILi75ELb1EEC2EDq75_i' into 'ap_int_base<75, true>::ap_int_base<74, true>(ap_int_base<74, true> const&)'
remark: D:/tool/vitis/Vitis_HLS/2022.2/common/technology/autopilot\ap_int_base.h:185:106: Inlining function '_ZN8ssdm_intILi75ELb1EEC2EDq75_i' into 'ap_int_base<75, true>::ap_int_base<32, true>(ap_int_base<32, true> const&)'
remark: D:/tool/vitis/Vitis_HLS/2022.2/common/technology/autopilot\ap_int_base.h:214:67: Inlining function '_ZN8ssdm_intILi75ELb1EEC2EDq75_i' into 'ap_int_base<75, true>::ap_int_base(int)'
remark: D:/tool/vitis/Vitis_HLS/2022.2/common/technology/autopilot\ap_int_base.h:1495:339: Inlining function 'ap_int_base<75, true>::ap_int_base<74, true>(ap_int_base<74, true> const&)' into 'ap_int_base<74, true>::RType<32, true>::plus operator+<74, true, 32, true>(ap_int_base<74, true> const&, ap_int_base<32, true> const&)'
remark: D:/tool/vitis/Vitis_HLS/2022.2/common/technology/autopilot\ap_int_base.h:1495:516: Inlining function 'ap_int_base<75, true>::ap_int_base(int)' into 'ap_int_base<74, true>::RType<32, true>::plus operator+<74, true, 32, true>(ap_int_base<74, true> const&, ap_int_base<32, true> const&)'
remark: D:/tool/vitis/Vitis_HLS/2022.2/common/technology/autopilot\ap_int_base.h:1495:427: Inlining function 'ap_int_base<75, true>::ap_int_base<32, true>(ap_int_base<32, true> const&)' into 'ap_int_base<74, true>::RType<32, true>::plus operator+<74, true, 32, true>(ap_int_base<74, true> const&, ap_int_base<32, true> const&)'
remark: D:/tool/vitis/Vitis_HLS/2022.2/common/technology/autopilot\ap_int_base.h:1633:1006: Inlining function 'ap_int_base<32, true>::ap_int_base(int)' into 'ap_int_base<74, true>::RType<($_0)32, true>::plus operator+<74, true>(ap_int_base<74, true> const&, int)'
remark: D:/tool/vitis/Vitis_HLS/2022.2/common/technology/autopilot\ap_int_base.h:1633:1004: Inlining function 'ap_int_base<74, true>::RType<32, true>::plus operator+<74, true, 32, true>(ap_int_base<74, true> const&, ap_int_base<32, true> const&)' into 'ap_int_base<74, true>::RType<($_0)32, true>::plus operator+<74, true>(ap_int_base<74, true> const&, int)'
remark: D:/tool/vitis/Vitis_HLS/2022.2/common/technology/autopilot\ap_int_base.h:208:68: Inlining function '_ZN8ssdm_intILi1ELb0EEC2EDq1_j' into 'ap_int_base<1, false>::ap_int_base(bool)'
remark: D:/tool/vitis/Vitis_HLS/2022.2/common/technology/autopilot\ap_int_base.h:214:67: Inlining function '_ZN8ssdm_intILi1ELb0EEC2EDq1_j' into 'ap_int_base<1, false>::ap_int_base(int)'
remark: D:/tool/vitis/Vitis_HLS/2022.2/common/technology/autopilot\ap_int_base.h:1497:520: Inlining function 'ap_int_base<1, false>::ap_int_base(int)' into 'ap_int_base<1, false>::RType<1, false>::logic operator&<1, false, 1, false>(ap_int_base<1, false> const&, ap_int_base<1, false> const&)'
remark: D:/tool/vitis/Vitis_HLS/2022.2/common/technology/autopilot\ap_int_base.h:1627:2880: Inlining function 'ap_int_base<1, false>::ap_int_base(bool)' into 'ap_int_base<1, false>::RType<1, false>::logic operator&<1, false>(ap_int_base<1, false> const&, bool)'
remark: D:/tool/vitis/Vitis_HLS/2022.2/common/technology/autopilot\ap_int_base.h:1627:2878: Inlining function 'ap_int_base<1, false>::RType<1, false>::logic operator&<1, false, 1, false>(ap_int_base<1, false> const&, ap_int_base<1, false> const&)' into 'ap_int_base<1, false>::RType<1, false>::logic operator&<1, false>(ap_int_base<1, false> const&, bool)'
remark: D:/tool/vitis/Vitis_HLS/2022.2/common/technology/autopilot\ap_int_base.h:185:106: Inlining function '_ZN8ssdm_intILi65ELb1EEC2EDq65_i' into 'ap_int_base<65, true>::ap_int_base<64, true>(ap_int_base<64, true> const&)'
remark: D:/tool/vitis/Vitis_HLS/2022.2/common/technology/autopilot\ap_int_base.h:185:106: Inlining function '_ZN8ssdm_intILi65ELb1EEC2EDq65_i' into 'ap_int_base<65, true>::ap_int_base<48, true>(ap_int_base<48, true> const&)'
remark: D:/tool/vitis/Vitis_HLS/2022.2/common/technology/autopilot\ap_int_base.h:214:67: Inlining function '_ZN8ssdm_intILi65ELb1EEC2EDq65_i' into 'ap_int_base<65, true>::ap_int_base(int)'
remark: D:/tool/vitis/Vitis_HLS/2022.2/common/technology/autopilot\ap_int_base.h:1495:339: Inlining function 'ap_int_base<65, true>::ap_int_base<64, true>(ap_int_base<64, true> const&)' into 'ap_int_base<64, true>::RType<48, true>::plus operator+<64, true, 48, true>(ap_int_base<64, true> const&, ap_int_base<48, true> const&)'
remark: D:/tool/vitis/Vitis_HLS/2022.2/common/technology/autopilot\ap_int_base.h:1495:516: Inlining function 'ap_int_base<65, true>::ap_int_base(int)' into 'ap_int_base<64, true>::RType<48, true>::plus operator+<64, true, 48, true>(ap_int_base<64, true> const&, ap_int_base<48, true> const&)'
remark: D:/tool/vitis/Vitis_HLS/2022.2/common/technology/autopilot\ap_int_base.h:1495:427: Inlining function 'ap_int_base<65, true>::ap_int_base<48, true>(ap_int_base<48, true> const&)' into 'ap_int_base<64, true>::RType<48, true>::plus operator+<64, true, 48, true>(ap_int_base<64, true> const&, ap_int_base<48, true> const&)'
remark: D:/tool/vitis/Vitis_HLS/2022.2/common/technology/autopilot\ap_int_base.h:185:106: Inlining function '_ZN8ssdm_intILi66ELb1EEC2EDq66_i' into 'ap_int_base<66, true>::ap_int_base<65, true>(ap_int_base<65, true> const&)'
remark: D:/tool/vitis/Vitis_HLS/2022.2/common/technology/autopilot\ap_int_base.h:185:106: Inlining function '_ZN8ssdm_intILi66ELb1EEC2EDq66_i' into 'ap_int_base<66, true>::ap_int_base<32, true>(ap_int_base<32, true> const&)'
remark: D:/tool/vitis/Vitis_HLS/2022.2/common/technology/autopilot\ap_int_base.h:214:67: Inlining function '_ZN8ssdm_intILi66ELb1EEC2EDq66_i' into 'ap_int_base<66, true>::ap_int_base(int)'
remark: D:/tool/vitis/Vitis_HLS/2022.2/common/technology/autopilot\ap_int_base.h:1495:339: Inlining function 'ap_int_base<66, true>::ap_int_base<65, true>(ap_int_base<65, true> const&)' into 'ap_int_base<65, true>::RType<32, true>::plus operator+<65, true, 32, true>(ap_int_base<65, true> const&, ap_int_base<32, true> const&)'
remark: D:/tool/vitis/Vitis_HLS/2022.2/common/technology/autopilot\ap_int_base.h:1495:516: Inlining function 'ap_int_base<66, true>::ap_int_base(int)' into 'ap_int_base<65, true>::RType<32, true>::plus operator+<65, true, 32, true>(ap_int_base<65, true> const&, ap_int_base<32, true> const&)'
remark: D:/tool/vitis/Vitis_HLS/2022.2/common/technology/autopilot\ap_int_base.h:1495:427: Inlining function 'ap_int_base<66, true>::ap_int_base<32, true>(ap_int_base<32, true> const&)' into 'ap_int_base<65, true>::RType<32, true>::plus operator+<65, true, 32, true>(ap_int_base<65, true> const&, ap_int_base<32, true> const&)'
remark: D:/tool/vitis/Vitis_HLS/2022.2/common/technology/autopilot\ap_int_base.h:1633:1006: Inlining function 'ap_int_base<32, true>::ap_int_base(int)' into 'ap_int_base<65, true>::RType<($_0)32, true>::plus operator+<65, true>(ap_int_base<65, true> const&, int)'
remark: D:/tool/vitis/Vitis_HLS/2022.2/common/technology/autopilot\ap_int_base.h:1633:1004: Inlining function 'ap_int_base<65, true>::RType<32, true>::plus operator+<65, true, 32, true>(ap_int_base<65, true> const&, ap_int_base<32, true> const&)' into 'ap_int_base<65, true>::RType<($_0)32, true>::plus operator+<65, true>(ap_int_base<65, true> const&, int)'
remark: conv_core.cpp:29:9: Inlining function 'bool operator==<1, false>(ap_int_base<1, false> const&, int)' into 'Conv(ap_uint<16>, ap_uint<16>, ap_uint<16>, ap_uint<16>, ap_uint<8>, ap_uint<8>, ap_uint<8>, ap_uint<8>, ap_uint<1>, ap_uint<1>, float*, float*, float*, float*)'
remark: conv_core.cpp:70:17: Inlining function 'ap_int_base<66, true>::operator long long() const' into 'Conv(ap_uint<16>, ap_uint<16>, ap_uint<16>, ap_uint<16>, ap_uint<8>, ap_uint<8>, ap_uint<8>, ap_uint<8>, ap_uint<1>, ap_uint<1>, float*, float*, float*, float*)'
remark: conv_core.cpp:70:37: Inlining function 'ap_int_base<65, true>::RType<($_0)32, true>::plus operator+<65, true>(ap_int_base<65, true> const&, int)' into 'Conv(ap_uint<16>, ap_uint<16>, ap_uint<16>, ap_uint<16>, ap_uint<8>, ap_uint<8>, ap_uint<8>, ap_uint<8>, ap_uint<1>, ap_uint<1>, float*, float*, float*, float*)'
remark: conv_core.cpp:70:29: Inlining function 'ap_int_base<64, true>::RType<48, true>::plus operator+<64, true, 48, true>(ap_int_base<64, true> const&, ap_int_base<48, true> const&)' into 'Conv(ap_uint<16>, ap_uint<16>, ap_uint<16>, ap_uint<16>, ap_uint<8>, ap_uint<8>, ap_uint<8>, ap_uint<8>, ap_uint<1>, ap_uint<1>, float*, float*, float*, float*)'
remark: conv_core.cpp:70:31: Inlining function 'ap_int_base<16, false>::RType<($_0)32, true>::mult operator*<16, false>(int, ap_int_base<16, false> const&)' into 'Conv(ap_uint<16>, ap_uint<16>, ap_uint<16>, ap_uint<16>, ap_uint<8>, ap_uint<8>, ap_uint<8>, ap_uint<8>, ap_uint<1>, ap_uint<1>, float*, float*, float*, float*)'
remark: conv_core.cpp:70:23: Inlining function 'ap_int_base<48, true>::RType<16, false>::mult operator*<48, true, 16, false>(ap_int_base<48, true> const&, ap_int_base<16, false> const&)' into 'Conv(ap_uint<16>, ap_uint<16>, ap_uint<16>, ap_uint<16>, ap_uint<8>, ap_uint<8>, ap_uint<8>, ap_uint<8>, ap_uint<1>, ap_uint<1>, float*, float*, float*, float*)'
remark: conv_core.cpp:70:18: Inlining function 'ap_int_base<16, false>::RType<($_0)32, true>::mult operator*<16, false>(int, ap_int_base<16, false> const&)' into 'Conv(ap_uint<16>, ap_uint<16>, ap_uint<16>, ap_uint<16>, ap_uint<8>, ap_uint<8>, ap_uint<8>, ap_uint<8>, ap_uint<1>, ap_uint<1>, float*, float*, float*, float*)'
remark: conv_core.cpp:67:8: Inlining function 'ap_int_base<1, false>::operator unsigned long long() const' into 'Conv(ap_uint<16>, ap_uint<16>, ap_uint<16>, ap_uint<16>, ap_uint<8>, ap_uint<8>, ap_uint<8>, ap_uint<8>, ap_uint<1>, ap_uint<1>, float*, float*, float*, float*)'
remark: conv_core.cpp:67:16: Inlining function 'ap_int_base<1, false>::RType<1, false>::logic operator&<1, false>(ap_int_base<1, false> const&, bool)' into 'Conv(ap_uint<16>, ap_uint<16>, ap_uint<16>, ap_uint<16>, ap_uint<8>, ap_uint<8>, ap_uint<8>, ap_uint<8>, ap_uint<1>, ap_uint<1>, float*, float*, float*, float*)'
remark: conv_core.cpp:60:58: Inlining function 'ap_int_base<75, true>::operator long long() const' into 'Conv(ap_uint<16>, ap_uint<16>, ap_uint<16>, ap_uint<16>, ap_uint<8>, ap_uint<8>, ap_uint<8>, ap_uint<8>, ap_uint<1>, ap_uint<1>, float*, float*, float*, float*)'
remark: conv_core.cpp:60:98: Inlining function 'ap_int_base<74, true>::RType<($_0)32, true>::plus operator+<74, true>(ap_int_base<74, true> const&, int)' into 'Conv(ap_uint<16>, ap_uint<16>, ap_uint<16>, ap_uint<16>, ap_uint<8>, ap_uint<8>, ap_uint<8>, ap_uint<8>, ap_uint<1>, ap_uint<1>, float*, float*, float*, float*)'
remark: conv_core.cpp:60:88: Inlining function 'ap_int_base<73, true>::RType<48, true>::plus operator+<73, true, 48, true>(ap_int_base<73, true> const&, ap_int_base<48, true> const&)' into 'Conv(ap_uint<16>, ap_uint<16>, ap_uint<16>, ap_uint<16>, ap_uint<8>, ap_uint<8>, ap_uint<8>, ap_uint<8>, ap_uint<1>, ap_uint<1>, float*, float*, float*, float*)'
remark: conv_core.cpp:60:92: Inlining function 'ap_int_base<16, false>::RType<($_0)32, true>::mult operator*<16, false>(int, ap_int_base<16, false> const&)' into 'Conv(ap_uint<16>, ap_uint<16>, ap_uint<16>, ap_uint<16>, ap_uint<8>, ap_uint<8>, ap_uint<8>, ap_uint<8>, ap_uint<1>, ap_uint<1>, float*, float*, float*, float*)'
remark: conv_core.cpp:60:74: Inlining function 'ap_int_base<72, true>::RType<64, true>::plus operator+<72, true, 64, true>(ap_int_base<72, true> const&, ap_int_base<64, true> const&)' into 'Conv(ap_uint<16>, ap_uint<16>, ap_uint<16>, ap_uint<16>, ap_uint<8>, ap_uint<8>, ap_uint<8>, ap_uint<8>, ap_uint<1>, ap_uint<1>, float*, float*, float*, float*)'
remark: conv_core.cpp:60:82: Inlining function 'ap_int_base<48, true>::RType<16, false>::mult operator*<48, true, 16, false>(ap_int_base<48, true> const&, ap_int_base<16, false> const&)' into 'Conv(ap_uint<16>, ap_uint<16>, ap_uint<16>, ap_uint<16>, ap_uint<8>, ap_uint<8>, ap_uint<8>, ap_uint<8>, ap_uint<1>, ap_uint<1>, float*, float*, float*, float*)'
remark: conv_core.cpp:60:77: Inlining function 'ap_int_base<16, false>::RType<($_0)32, true>::mult operator*<16, false>(int, ap_int_base<16, false> const&)' into 'Conv(ap_uint<16>, ap_uint<16>, ap_uint<16>, ap_uint<16>, ap_uint<8>, ap_uint<8>, ap_uint<8>, ap_uint<8>, ap_uint<1>, ap_uint<1>, float*, float*, float*, float*)'
remark: conv_core.cpp:60:68: Inlining function 'ap_int_base<56, true>::RType<16, false>::mult operator*<56, true, 16, false>(ap_int_base<56, true> const&, ap_int_base<16, false> const&)' into 'Conv(ap_uint<16>, ap_uint<16>, ap_uint<16>, ap_uint<16>, ap_uint<8>, ap_uint<8>, ap_uint<8>, ap_uint<8>, ap_uint<1>, ap_uint<1>, float*, float*, float*, float*)'
remark: conv_core.cpp:60:63: Inlining function 'ap_int_base<40, true>::RType<16, false>::mult operator*<40, true, 16, false>(ap_int_base<40, true> const&, ap_int_base<16, false> const&)' into 'Conv(ap_uint<16>, ap_uint<16>, ap_uint<16>, ap_uint<16>, ap_uint<8>, ap_uint<8>, ap_uint<8>, ap_uint<8>, ap_uint<1>, ap_uint<1>, float*, float*, float*, float*)'
remark: conv_core.cpp:60:60: Inlining function 'ap_int_base<8, false>::RType<($_0)32, true>::mult operator*<8, false>(int, ap_int_base<8, false> const&)' into 'Conv(ap_uint<16>, ap_uint<16>, ap_uint<16>, ap_uint<16>, ap_uint<8>, ap_uint<8>, ap_uint<8>, ap_uint<8>, ap_uint<1>, ap_uint<1>, float*, float*, float*, float*)'
remark: conv_core.cpp:60:33: Inlining function 'ap_int_base<50, true>::operator long long() const' into 'Conv(ap_uint<16>, ap_uint<16>, ap_uint<16>, ap_uint<16>, ap_uint<8>, ap_uint<8>, ap_uint<8>, ap_uint<8>, ap_uint<1>, ap_uint<1>, float*, float*, float*, float*)'
remark: conv_core.cpp:60:50: Inlining function 'ap_int_base<49, true>::RType<($_0)32, true>::plus operator+<49, true>(ap_int_base<49, true> const&, int)' into 'Conv(ap_uint<16>, ap_uint<16>, ap_uint<16>, ap_uint<16>, ap_uint<8>, ap_uint<8>, ap_uint<8>, ap_uint<8>, ap_uint<1>, ap_uint<1>, float*, float*, float*, float*)'
remark: conv_core.cpp:60:43: Inlining function 'ap_int_base<48, true>::RType<32, true>::plus operator+<48, true, 32, true>(ap_int_base<48, true> const&, ap_int_base<32, true> const&)' into 'Conv(ap_uint<16>, ap_uint<16>, ap_uint<16>, ap_uint<16>, ap_uint<8>, ap_uint<8>, ap_uint<8>, ap_uint<8>, ap_uint<1>, ap_uint<1>, float*, float*, float*, float*)'
remark: conv_core.cpp:60:45: Inlining function 'ap_int_base<16, true>::RType<16, false>::mult operator*<16, true, 16, false>(ap_int_base<16, true> const&, ap_int_base<16, false> const&)' into 'Conv(ap_uint<16>, ap_uint<16>, ap_uint<16>, ap_uint<16>, ap_uint<8>, ap_uint<8>, ap_uint<8>, ap_uint<8>, ap_uint<1>, ap_uint<1>, float*, float*, float*, float*)'
remark: conv_core.cpp:60:39: Inlining function 'ap_int_base<32, true>::RType<16, false>::mult operator*<32, true, 16, false>(ap_int_base<32, true> const&, ap_int_base<16, false> const&)' into 'Conv(ap_uint<16>, ap_uint<16>, ap_uint<16>, ap_uint<16>, ap_uint<8>, ap_uint<8>, ap_uint<8>, ap_uint<8>, ap_uint<1>, ap_uint<1>, float*, float*, float*, float*)'
remark: conv_core.cpp:60:34: Inlining function 'ap_int_base<16, true>::RType<16, false>::mult operator*<16, true, 16, false>(ap_int_base<16, true> const&, ap_int_base<16, false> const&)' into 'Conv(ap_uint<16>, ap_uint<16>, ap_uint<16>, ap_uint<16>, ap_uint<8>, ap_uint<8>, ap_uint<8>, ap_uint<8>, ap_uint<1>, ap_uint<1>, float*, float*, float*, float*)'
remark: conv_core.cpp:53:42: Inlining function 'bool operator<<16, false>(int, ap_int_base<16, false> const&)' into 'Conv(ap_uint<16>, ap_uint<16>, ap_uint<16>, ap_uint<16>, ap_uint<8>, ap_uint<8>, ap_uint<8>, ap_uint<8>, ap_uint<1>, ap_uint<1>, float*, float*, float*, float*)'
remark: conv_core.cpp:51:36: Inlining function 'bool ap_int_base<16, true>::operator<<16, false>(ap_int_base<16, false> const&) const' into 'Conv(ap_uint<16>, ap_uint<16>, ap_uint<16>, ap_uint<16>, ap_uint<8>, ap_uint<8>, ap_uint<8>, ap_uint<8>, ap_uint<1>, ap_uint<1>, float*, float*, float*, float*)'
remark: conv_core.cpp:51:27: Inlining function 'bool ap_int_base<16, true>::operator<<16, false>(ap_int_base<16, false> const&) const' into 'Conv(ap_uint<16>, ap_uint<16>, ap_uint<16>, ap_uint<16>, ap_uint<8>, ap_uint<8>, ap_uint<8>, ap_uint<8>, ap_uint<1>, ap_uint<1>, float*, float*, float*, float*)'
remark: conv_core.cpp:51:19: Inlining function 'bool operator>=<16, true>(ap_int_base<16, true> const&, int)' into 'Conv(ap_uint<16>, ap_uint<16>, ap_uint<16>, ap_uint<16>, ap_uint<8>, ap_uint<8>, ap_uint<8>, ap_uint<8>, ap_uint<1>, ap_uint<1>, float*, float*, float*, float*)'
remark: conv_core.cpp:51:11: Inlining function 'bool operator>=<16, true>(ap_int_base<16, true> const&, int)' into 'Conv(ap_uint<16>, ap_uint<16>, ap_uint<16>, ap_uint<16>, ap_uint<8>, ap_uint<8>, ap_uint<8>, ap_uint<8>, ap_uint<1>, ap_uint<1>, float*, float*, float*, float*)'
remark: conv_core.cpp:50:30: Inlining function 'ap_int_base<41, true>::RType<($_0)32, true>::plus operator+<41, true>(ap_int_base<41, true> const&, int)' into 'Conv(ap_uint<16>, ap_uint<16>, ap_uint<16>, ap_uint<16>, ap_uint<8>, ap_uint<8>, ap_uint<8>, ap_uint<8>, ap_uint<1>, ap_uint<1>, float*, float*, float*, float*)'
remark: conv_core.cpp:50:24: Inlining function 'ap_int_base<40, true>::RType<8, false>::minus operator-<40, true, 8, false>(ap_int_base<40, true> const&, ap_int_base<8, false> const&)' into 'Conv(ap_uint<16>, ap_uint<16>, ap_uint<16>, ap_uint<16>, ap_uint<8>, ap_uint<8>, ap_uint<8>, ap_uint<8>, ap_uint<1>, ap_uint<1>, float*, float*, float*, float*)'
remark: conv_core.cpp:50:21: Inlining function 'ap_int_base<8, false>::RType<($_0)32, true>::mult operator*<8, false>(int, ap_int_base<8, false> const&)' into 'Conv(ap_uint<16>, ap_uint<16>, ap_uint<16>, ap_uint<16>, ap_uint<8>, ap_uint<8>, ap_uint<8>, ap_uint<8>, ap_uint<1>, ap_uint<1>, float*, float*, float*, float*)'
remark: conv_core.cpp:49:30: Inlining function 'ap_int_base<41, true>::RType<($_0)32, true>::plus operator+<41, true>(ap_int_base<41, true> const&, int)' into 'Conv(ap_uint<16>, ap_uint<16>, ap_uint<16>, ap_uint<16>, ap_uint<8>, ap_uint<8>, ap_uint<8>, ap_uint<8>, ap_uint<1>, ap_uint<1>, float*, float*, float*, float*)'
remark: conv_core.cpp:49:24: Inlining function 'ap_int_base<40, true>::RType<8, false>::minus operator-<40, true, 8, false>(ap_int_base<40, true> const&, ap_int_base<8, false> const&)' into 'Conv(ap_uint<16>, ap_uint<16>, ap_uint<16>, ap_uint<16>, ap_uint<8>, ap_uint<8>, ap_uint<8>, ap_uint<8>, ap_uint<1>, ap_uint<1>, float*, float*, float*, float*)'
remark: conv_core.cpp:49:21: Inlining function 'ap_int_base<8, false>::RType<($_0)32, true>::mult operator*<8, false>(int, ap_int_base<8, false> const&)' into 'Conv(ap_uint<16>, ap_uint<16>, ap_uint<16>, ap_uint<16>, ap_uint<8>, ap_uint<8>, ap_uint<8>, ap_uint<8>, ap_uint<1>, ap_uint<1>, float*, float*, float*, float*)'
remark: conv_core.cpp:47:38: Inlining function 'bool operator<<8, false>(int, ap_int_base<8, false> const&)' into 'Conv(ap_uint<16>, ap_uint<16>, ap_uint<16>, ap_uint<16>, ap_uint<8>, ap_uint<8>, ap_uint<8>, ap_uint<8>, ap_uint<1>, ap_uint<1>, float*, float*, float*, float*)'
remark: conv_core.cpp:46:37: Inlining function 'bool operator<<8, false>(int, ap_int_base<8, false> const&)' into 'Conv(ap_uint<16>, ap_uint<16>, ap_uint<16>, ap_uint<16>, ap_uint<8>, ap_uint<8>, ap_uint<8>, ap_uint<8>, ap_uint<1>, ap_uint<1>, float*, float*, float*, float*)'
remark: conv_core.cpp:43:34: Inlining function 'bool operator<<16, false>(int, ap_int_base<16, false> const&)' into 'Conv(ap_uint<16>, ap_uint<16>, ap_uint<16>, ap_uint<16>, ap_uint<8>, ap_uint<8>, ap_uint<8>, ap_uint<8>, ap_uint<1>, ap_uint<1>, float*, float*, float*, float*)'
remark: conv_core.cpp:42:33: Inlining function 'bool operator<<16, false>(int, ap_int_base<16, false> const&)' into 'Conv(ap_uint<16>, ap_uint<16>, ap_uint<16>, ap_uint<16>, ap_uint<8>, ap_uint<8>, ap_uint<8>, ap_uint<8>, ap_uint<1>, ap_uint<1>, float*, float*, float*, float*)'
remark: conv_core.cpp:41:38: Inlining function 'bool operator<<16, false>(int, ap_int_base<16, false> const&)' into 'Conv(ap_uint<16>, ap_uint<16>, ap_uint<16>, ap_uint<16>, ap_uint<8>, ap_uint<8>, ap_uint<8>, ap_uint<8>, ap_uint<1>, ap_uint<1>, float*, float*, float*, float*)'
remark: conv_core.cpp:39:26: Inlining function 'ap_int_base<42, true>::RType<($_0)32, true>::plus operator+<42, true>(ap_int_base<42, true> const&, int)' into 'Conv(ap_uint<16>, ap_uint<16>, ap_uint<16>, ap_uint<16>, ap_uint<8>, ap_uint<8>, ap_uint<8>, ap_uint<8>, ap_uint<1>, ap_uint<1>, float*, float*, float*, float*)'
remark: conv_core.cpp:39:23: Inlining function 'ap_int_base<42, true>::RType<8, false>::div operator/<42, true, 8, false>(ap_int_base<42, true> const&, ap_int_base<8, false> const&)' into 'Conv(ap_uint<16>, ap_uint<16>, ap_uint<16>, ap_uint<16>, ap_uint<8>, ap_uint<8>, ap_uint<8>, ap_uint<8>, ap_uint<1>, ap_uint<1>, float*, float*, float*, float*)'
remark: conv_core.cpp:39:19: Inlining function 'ap_int_base<41, true>::RType<8, false>::minus operator-<41, true, 8, false>(ap_int_base<41, true> const&, ap_int_base<8, false> const&)' into 'Conv(ap_uint<16>, ap_uint<16>, ap_uint<16>, ap_uint<16>, ap_uint<8>, ap_uint<8>, ap_uint<8>, ap_uint<8>, ap_uint<1>, ap_uint<1>, float*, float*, float*, float*)'
remark: conv_core.cpp:39:11: Inlining function 'ap_int_base<16, false>::RType<40, true>::plus operator+<16, false, 40, true>(ap_int_base<16, false> const&, ap_int_base<40, true> const&)' into 'Conv(ap_uint<16>, ap_uint<16>, ap_uint<16>, ap_uint<16>, ap_uint<8>, ap_uint<8>, ap_uint<8>, ap_uint<8>, ap_uint<1>, ap_uint<1>, float*, float*, float*, float*)'
remark: conv_core.cpp:39:13: Inlining function 'ap_int_base<8, false>::RType<($_0)32, true>::mult operator*<8, false>(int, ap_int_base<8, false> const&)' into 'Conv(ap_uint<16>, ap_uint<16>, ap_uint<16>, ap_uint<16>, ap_uint<8>, ap_uint<8>, ap_uint<8>, ap_uint<8>, ap_uint<1>, ap_uint<1>, float*, float*, float*, float*)'
remark: conv_core.cpp:38:26: Inlining function 'ap_int_base<42, true>::RType<($_0)32, true>::plus operator+<42, true>(ap_int_base<42, true> const&, int)' into 'Conv(ap_uint<16>, ap_uint<16>, ap_uint<16>, ap_uint<16>, ap_uint<8>, ap_uint<8>, ap_uint<8>, ap_uint<8>, ap_uint<1>, ap_uint<1>, float*, float*, float*, float*)'
remark: conv_core.cpp:38:23: Inlining function 'ap_int_base<42, true>::RType<8, false>::div operator/<42, true, 8, false>(ap_int_base<42, true> const&, ap_int_base<8, false> const&)' into 'Conv(ap_uint<16>, ap_uint<16>, ap_uint<16>, ap_uint<16>, ap_uint<8>, ap_uint<8>, ap_uint<8>, ap_uint<8>, ap_uint<1>, ap_uint<1>, float*, float*, float*, float*)'
remark: conv_core.cpp:38:19: Inlining function 'ap_int_base<41, true>::RType<8, false>::minus operator-<41, true, 8, false>(ap_int_base<41, true> const&, ap_int_base<8, false> const&)' into 'Conv(ap_uint<16>, ap_uint<16>, ap_uint<16>, ap_uint<16>, ap_uint<8>, ap_uint<8>, ap_uint<8>, ap_uint<8>, ap_uint<1>, ap_uint<1>, float*, float*, float*, float*)'
remark: conv_core.cpp:38:11: Inlining function 'ap_int_base<16, false>::RType<40, true>::plus operator+<16, false, 40, true>(ap_int_base<16, false> const&, ap_int_base<40, true> const&)' into 'Conv(ap_uint<16>, ap_uint<16>, ap_uint<16>, ap_uint<16>, ap_uint<8>, ap_uint<8>, ap_uint<8>, ap_uint<8>, ap_uint<1>, ap_uint<1>, float*, float*, float*, float*)'
remark: conv_core.cpp:38:13: Inlining function 'ap_int_base<8, false>::RType<($_0)32, true>::mult operator*<8, false>(int, ap_int_base<8, false> const&)' into 'Conv(ap_uint<16>, ap_uint<16>, ap_uint<16>, ap_uint<16>, ap_uint<8>, ap_uint<8>, ap_uint<8>, ap_uint<8>, ap_uint<1>, ap_uint<1>, float*, float*, float*, float*)'
remark: conv_core.cpp:35:30: Inlining function 'ap_int_base<33, true>::RType<($_0)32, true>::div operator/<33, true>(ap_int_base<33, true> const&, int)' into 'Conv(ap_uint<16>, ap_uint<16>, ap_uint<16>, ap_uint<16>, ap_uint<8>, ap_uint<8>, ap_uint<8>, ap_uint<8>, ap_uint<1>, ap_uint<1>, float*, float*, float*, float*)'
remark: conv_core.cpp:35:27: Inlining function 'ap_int_base<8, false>::RType<($_0)32, true>::minus operator-<8, false>(ap_int_base<8, false> const&, int)' into 'Conv(ap_uint<16>, ap_uint<16>, ap_uint<16>, ap_uint<16>, ap_uint<8>, ap_uint<8>, ap_uint<8>, ap_uint<8>, ap_uint<1>, ap_uint<1>, float*, float*, float*, float*)'
remark: conv_core.cpp:35:15: Inlining function 'ap_int_base<33, true>::RType<($_0)32, true>::div operator/<33, true>(ap_int_base<33, true> const&, int)' into 'Conv(ap_uint<16>, ap_uint<16>, ap_uint<16>, ap_uint<16>, ap_uint<8>, ap_uint<8>, ap_uint<8>, ap_uint<8>, ap_uint<1>, ap_uint<1>, float*, float*, float*, float*)'
remark: conv_core.cpp:35:12: Inlining function 'ap_int_base<8, false>::RType<($_0)32, true>::minus operator-<8, false>(ap_int_base<8, false> const&, int)' into 'Conv(ap_uint<16>, ap_uint<16>, ap_uint<16>, ap_uint<16>, ap_uint<8>, ap_uint<8>, ap_uint<8>, ap_uint<8>, ap_uint<1>, ap_uint<1>, float*, float*, float*, float*)'
remark: conv_core.cpp:53:25: Sequential read of variable length has been inferred _XLX_SEP_ OldID=for.inc.load.19,  _XLX_SEP_ scevgepseq feature_in gmem VITIS_LOOP_53_6 conv_core.cpp:53:25 Conv(ap_uint<16>, ap_uint<16>, ap_uint<16>, ap_uint<16>, ap_uint<8>, ap_uint<8>, ap_uint<8>, ap_uint<8>, ap_uint<1>, ap_uint<1>, float*, float*, float*, float*) 
remark: conv_core.cpp:60:56: Stride is incompatible _XLX_SEP_ for.inc.load.52 W gmem VITIS_LOOP_53_6 conv_core.cpp:53:25 Conv(ap_uint<16>, ap_uint<16>, ap_uint<16>, ap_uint<16>, ap_uint<8>, ap_uint<8>, ap_uint<8>, ap_uint<8>, ap_uint<1>, ap_uint<1>, float*, float*, float*, float*) 
remark: conv_core.cpp:53:25: Access call is in the conditional branch _XLX_SEP_ scevgepseq feature_in gmem VITIS_LOOP_47_5 conv_core.cpp:47:23 Conv(ap_uint<16>, ap_uint<16>, ap_uint<16>, ap_uint<16>, ap_uint<8>, ap_uint<8>, ap_uint<8>, ap_uint<8>, ap_uint<1>, ap_uint<1>, float*, float*, float*, float*) 
remark: conv_core.cpp:70:43: Stride is incompatible _XLX_SEP_ for.end86.store.39 feature_out gmem VITIS_LOOP_43_3 conv_core.cpp:43:21 Conv(ap_uint<16>, ap_uint<16>, ap_uint<16>, ap_uint<16>, ap_uint<8>, ap_uint<8>, ap_uint<8>, ap_uint<8>, ap_uint<1>, ap_uint<1>, float*, float*, float*, float*) 
remark: <unknown>:0:0: Stride is incompatible _XLX_SEP_ for.body38.lr.ph.load.0 bias gmem VITIS_LOOP_42_2 conv_core.cpp:42:20 Conv(ap_uint<16>, ap_uint<16>, ap_uint<16>, ap_uint<16>, ap_uint<8>, ap_uint<8>, ap_uint<8>, ap_uint<8>, ap_uint<1>, ap_uint<1>, float*, float*, float*, float*) 
remark: conv_core.cpp:53:25: Could not widen since type float size is greater than or equal to the max_widen_bitwidth threshold of 0 _XLX_SEP_ scevgepseq feature_in gmem VITIS_LOOP_53_6 conv_core.cpp:53:25 Conv(ap_uint<16>, ap_uint<16>, ap_uint<16>, ap_uint<16>, ap_uint<8>, ap_uint<8>, ap_uint<8>, ap_uint<8>, ap_uint<1>, ap_uint<1>, float*, float*, float*, float*) 
remark: conv_core.cpp:53:25: Could not burst due to multiple potential reads to the same bundle in the same region. _XLX_SEP_ seq  gmem Conv(ap_uint<16>, ap_uint<16>, ap_uint<16>, ap_uint<16>, ap_uint<8>, ap_uint<8>, ap_uint<8>, ap_uint<8>, ap_uint<1>, ap_uint<1>, float*, float*, float*, float*) 
