#-----------------------------------------------------------
# Vivado v2022.2 (64-bit)
# SW Build 3671981 on Fri Oct 14 05:00:03 MDT 2022
# IP Build 3669848 on Fri Oct 14 08:30:02 MDT 2022
# Start of session at: Thu Jan 25 13:09:33 2024
# Process ID: 21516
# Current directory: G:/用户/桌面/研究生学习/软硬件协同/traffic_light_recognition/HLS/pool/pool/solution1/impl/ip
# Command line: vivado.exe -notrace -mode batch -source run_ippack.tcl
# Log file: G:/用户/桌面/研究生学习/软硬件协同/traffic_light_recognition/HLS/pool/pool/solution1/impl/ip/vivado.log
# Journal file: G:/用户/桌面/研究生学习/软硬件协同/traffic_light_recognition/HLS/pool/pool/solution1/impl/ip\vivado.jou
# Running On: DESKTOP-8HHIF9V, OS: Windows, CPU Frequency: 2592 MHz, CPU Physical cores: 6, Host memory: 8390 MB
#-----------------------------------------------------------
source run_ippack.tcl -notrace
INFO: [ProjectBase 1-489] The host OS only allows 260 characters in a normal path. The project is stored in a path with more than 80 characters. If you experience issues with IP, Block Designs, or files not being found, please consider moving the project to a location with a shorter path. Alternately consider using the OS subst command to map part of the path to a drive letter.
Current project path is 'G:/用户/桌面/研究生学习/软硬件协同/traffic_light_recognition/HLS/pool/pool/solution1/impl/ip'
create_project: Time (s): cpu = 00:00:04 ; elapsed = 00:00:10 . Memory (MB): peak = 1004.176 ; gain = 120.125
INFO: [IP_Flow 19-234] Refreshing IP repositories
INFO: [IP_Flow 19-1704] No user IP repositories specified
INFO: [IP_Flow 19-2313] Loaded Vivado IP repository 'D:/tool/vitis/Vivado/2022.2/data/ip'.
WARNING: [IP_Flow 19-4832] The IP name 'Pool_fadd_32ns_32ns_32_5_full_dsp_1_ip' you have specified is long. The Windows operating system has path length limitations. It is recommended you use shorter names to reduce the likelihood of issues.
create_ip: Time (s): cpu = 00:00:02 ; elapsed = 00:00:08 . Memory (MB): peak = 1047.344 ; gain = 43.168
INFO: [IP_Flow 19-1686] Generating 'Synthesis' target for IP 'Pool_fadd_32ns_32ns_32_5_full_dsp_1_ip'...
INFO: [IP_Flow 19-1686] Generating 'Simulation' target for IP 'Pool_fadd_32ns_32ns_32_5_full_dsp_1_ip'...
WARNING: [IP_Flow 19-4832] The IP name 'Pool_fcmp_32ns_32ns_1_2_no_dsp_1_ip' you have specified is long. The Windows operating system has path length limitations. It is recommended you use shorter names to reduce the likelihood of issues.
INFO: [IP_Flow 19-1686] Generating 'Synthesis' target for IP 'Pool_fcmp_32ns_32ns_1_2_no_dsp_1_ip'...
INFO: [IP_Flow 19-1686] Generating 'Simulation' target for IP 'Pool_fcmp_32ns_32ns_1_2_no_dsp_1_ip'...
WARNING: [IP_Flow 19-4832] The IP name 'Pool_fdiv_32ns_32ns_32_16_no_dsp_1_ip' you have specified is long. The Windows operating system has path length limitations. It is recommended you use shorter names to reduce the likelihood of issues.
INFO: [IP_Flow 19-1686] Generating 'Synthesis' target for IP 'Pool_fdiv_32ns_32ns_32_16_no_dsp_1_ip'...
INFO: [IP_Flow 19-1686] Generating 'Simulation' target for IP 'Pool_fdiv_32ns_32ns_32_16_no_dsp_1_ip'...
WARNING: [IP_Flow 19-4832] The IP name 'Pool_uitofp_32ns_32_6_no_dsp_1_ip' you have specified is long. The Windows operating system has path length limitations. It is recommended you use shorter names to reduce the likelihood of issues.
INFO: [IP_Flow 19-1686] Generating 'Synthesis' target for IP 'Pool_uitofp_32ns_32_6_no_dsp_1_ip'...
INFO: [IP_Flow 19-1686] Generating 'Simulation' target for IP 'Pool_uitofp_32ns_32_6_no_dsp_1_ip'...
INFO: [IP_Flow 19-234] Refreshing IP repositories
INFO: [IP_Flow 19-1704] No user IP repositories specified
INFO: [IP_Flow 19-2313] Loaded Vivado IP repository 'D:/tool/vitis/Vivado/2022.2/data/ip'.
INFO: [Common 17-206] Exiting Vivado at Thu Jan 25 13:10:36 2024...
